#
# There is insufficient memory for the Java Runtime Environment to continue.
# Native memory allocation (malloc) failed to allocate 302096 bytes for Chunk::new
# Possible reasons:
#   The system is out of physical RAM or swap space
#   The process is running with CompressedOops enabled, and the Java Heap may be blocking the growth of the native heap
# Possible solutions:
#   Reduce memory load on the system
#   Increase physical memory or swap space
#   Check if swap backing store is full
#   Decrease Java heap size (-Xmx/-Xms)
#   Decrease number of Java threads
#   Decrease Java thread stack sizes (-Xss)
#   Set larger code cache with -XX:ReservedCodeCacheSize=
#   JVM is running with Unscaled Compressed Oops mode in which the Java heap is
#     placed in the first 4GB address space. The Java Heap base address is the
#     maximum limit for the native heap growth. Please use -XX:HeapBaseMinAddress
#     to set the Java Heap base and to place the Java Heap above 4GB virtual address.
# This output file may be truncated or incomplete.
#
#  Out of Memory Error (arena.cpp:189), pid=13184, tid=18688
#
# JRE version: OpenJDK Runtime Environment Temurin-17.0.3+7 (17.0.3+7) (build 17.0.3+7)
# Java VM: OpenJDK 64-Bit Server VM Temurin-17.0.3+7 (17.0.3+7, mixed mode, tiered, compressed oops, compressed class ptrs, g1 gc, windows-amd64)
# No core dump will be written. Minidumps are not enabled by default on client versions of Windows
#

---------------  S U M M A R Y ------------

Command Line: -Dfile.encoding=UTF-8 -XX:+ShowCodeDetailsInExceptionMessages com.masai.main.Login

Host: AMD Ryzen 3 3300U with Radeon Vega Mobile Gfx  , 4 cores, 5G,  Windows 10 , 64 bit Build 19041 (10.0.19041.1889)
Time: Fri Sep 30 20:49:46 2022 India Standard Time elapsed time: 68170.859219 seconds (0d 18h 56m 10s)

---------------  T H R E A D  ---------------

Current thread (0x00000245c2211710):  JavaThread "C2 CompilerThread0" daemon [_thread_in_native, id=18688, stack(0x000000d738a00000,0x000000d738b00000)]


Current CompileTask:
C2:68170868 1445       4       java.util.Properties::saveConvert (383 bytes)

Stack: [0x000000d738a00000,0x000000d738b00000]
Native frames: (J=compiled Java code, j=interpreted, Vv=VM code, C=native code)
V  [jvm.dll+0x675efa]
V  [jvm.dll+0x830a24]
V  [jvm.dll+0x8321ce]
V  [jvm.dll+0x832833]
V  [jvm.dll+0x2454b5]
V  [jvm.dll+0xabd7b]
V  [jvm.dll+0xac30c]
V  [jvm.dll+0x2ac5bf]
V  [jvm.dll+0x57cd09]
V  [jvm.dll+0x22056d]
V  [jvm.dll+0x219d49]
V  [jvm.dll+0x21767b]
V  [jvm.dll+0x1a3ccd]
V  [jvm.dll+0x227178]
V  [jvm.dll+0x2252bc]
V  [jvm.dll+0x7e673b]
V  [jvm.dll+0x7e0cfa]
V  [jvm.dll+0x674d85]
C  [ucrtbase.dll+0x21bb2]
C  [KERNEL32.DLL+0x17034]
C  [ntdll.dll+0x526a1]


---------------  P R O C E S S  ---------------

Threads class SMR info:
_java_thread_list=0x00000245c355f700, length=13, elements={
0x00000245a9dac2d0, 0x00000245c21ae8e0, 0x00000245c21af680, 0x00000245c21da550,
0x00000245c21dae10, 0x00000245c220a7d0, 0x00000245c220aca0, 0x00000245c2211710,
0x00000245c22175f0, 0x00000245c2232af0, 0x00000245c2d5eef0, 0x00000245c2d6fc40,
0x00000245a9dad090
}

Java Threads: ( => current thread )
  0x00000245a9dac2d0 JavaThread "main" [_thread_in_native, id=26572, stack(0x000000d737d00000,0x000000d737e00000)]
  0x00000245c21ae8e0 JavaThread "Reference Handler" daemon [_thread_blocked, id=22148, stack(0x000000d738400000,0x000000d738500000)]
  0x00000245c21af680 JavaThread "Finalizer" daemon [_thread_blocked, id=25668, stack(0x000000d738500000,0x000000d738600000)]
  0x00000245c21da550 JavaThread "Signal Dispatcher" daemon [_thread_blocked, id=25264, stack(0x000000d738600000,0x000000d738700000)]
  0x00000245c21dae10 JavaThread "Attach Listener" daemon [_thread_blocked, id=14496, stack(0x000000d738700000,0x000000d738800000)]
  0x00000245c220a7d0 JavaThread "Service Thread" daemon [_thread_blocked, id=20284, stack(0x000000d738800000,0x000000d738900000)]
  0x00000245c220aca0 JavaThread "Monitor Deflation Thread" daemon [_thread_blocked, id=18628, stack(0x000000d738900000,0x000000d738a00000)]
=>0x00000245c2211710 JavaThread "C2 CompilerThread0" daemon [_thread_in_native, id=18688, stack(0x000000d738a00000,0x000000d738b00000)]
  0x00000245c22175f0 JavaThread "C1 CompilerThread0" daemon [_thread_blocked, id=14884, stack(0x000000d738b00000,0x000000d738c00000)]
  0x00000245c2232af0 JavaThread "Sweeper thread" daemon [_thread_blocked, id=3084, stack(0x000000d738c00000,0x000000d738d00000)]
  0x00000245c2d5eef0 JavaThread "Notification Thread" daemon [_thread_blocked, id=11624, stack(0x000000d738d00000,0x000000d738e00000)]
  0x00000245c2d6fc40 JavaThread "Common-Cleaner" daemon [_thread_blocked, id=19760, stack(0x000000d738f00000,0x000000d739000000)]
  0x00000245a9dad090 JavaThread "mysql-cj-abandoned-connection-cleanup" daemon [_thread_blocked, id=10692, stack(0x000000d739000000,0x000000d739100000)]

Other Threads:
  0x00000245c2169560 VMThread "VM Thread" [stack: 0x000000d738300000,0x000000d738400000] [id=26916]
  0x00000245c2cdb660 WatcherThread [stack: 0x000000d738e00000,0x000000d738f00000] [id=25020]
  0x00000245a9df8810 GCTaskThread "GC Thread#0" [stack: 0x000000d737e00000,0x000000d737f00000] [id=26616]
  0x00000245c350a460 GCTaskThread "GC Thread#1" [stack: 0x000000d739200000,0x000000d739300000] [id=22688]
  0x00000245c301e890 GCTaskThread "GC Thread#2" [stack: 0x000000d739300000,0x000000d739400000] [id=8092]
  0x00000245c3559cb0 GCTaskThread "GC Thread#3" [stack: 0x000000d739400000,0x000000d739500000] [id=25572]
  0x00000245a9e054e0 ConcurrentGCThread "G1 Main Marker" [stack: 0x000000d737f00000,0x000000d738000000] [id=22628]
  0x00000245a9e07e20 ConcurrentGCThread "G1 Conc#0" [stack: 0x000000d738000000,0x000000d738100000] [id=14752]
  0x00000245a9e6bb10 ConcurrentGCThread "G1 Refine#0" [stack: 0x000000d738100000,0x000000d738200000] [id=10324]
  0x00000245a9e6c440 ConcurrentGCThread "G1 Service" [stack: 0x000000d738200000,0x000000d738300000] [id=22164]

Threads with active compile tasks:
C2 CompilerThread0  68171245 1445       4       java.util.Properties::saveConvert (383 bytes)

VM state: not at safepoint (normal execution)

VM Mutex/Monitor currently owned by a thread: None

Heap address: 0x00000000a0c00000, size: 1524 MB, Compressed Oops mode: 32-bit

CDS archive(s) not mapped
Compressed class space mapped at: 0x0000000100000000-0x0000000140000000, reserved size: 1073741824
Narrow klass base: 0x0000000000000000, Narrow klass shift: 3, Narrow klass range: 0x140000000

GC Precious Log:
 CPUs: 4 total, 4 available
 Memory: 6090M
 Large Page Support: Disabled
 NUMA Support: Disabled
 Compressed Oops: Enabled (32-bit)
 Heap Region Size: 1M
 Heap Min Capacity: 8M
 Heap Initial Capacity: 96M
 Heap Max Capacity: 1524M
 Pre-touch: Disabled
 Parallel Workers: 4
 Concurrent Workers: 1
 Concurrent Refinement Workers: 4
 Periodic GC: Disabled

Heap:
 garbage-first heap   total 98304K, used 14816K [0x00000000a0c00000, 0x0000000100000000)
  region size 1024K, 14 young (14336K), 2 survivors (2048K)
 Metaspace       used 18665K, committed 18880K, reserved 1073152K
  class space    used 1840K, committed 1920K, reserved 1048576K

Heap Regions: E=young(eden), S=young(survivor), O=old, HS=humongous(starts), HC=humongous(continues), CS=collection set, F=free, OA=open archive, CA=closed archive, TAMS=top-at-mark-start (previous, next)
|   0|0x00000000a0c00000, 0x00000000a0d00000, 0x00000000a0d00000|100%| O|  |TAMS 0x00000000a0c00000, 0x00000000a0c00000| Untracked 
|   1|0x00000000a0d00000, 0x00000000a0d78200, 0x00000000a0e00000| 46%| O|  |TAMS 0x00000000a0d00000, 0x00000000a0d00000| Untracked 
|   2|0x00000000a0e00000, 0x00000000a0e00000, 0x00000000a0f00000|  0%| F|  |TAMS 0x00000000a0e00000, 0x00000000a0e00000| Untracked 
|   3|0x00000000a0f00000, 0x00000000a0f00000, 0x00000000a1000000|  0%| F|  |TAMS 0x00000000a0f00000, 0x00000000a0f00000| Untracked 
|   4|0x00000000a1000000, 0x00000000a1000000, 0x00000000a1100000|  0%| F|  |TAMS 0x00000000a1000000, 0x00000000a1000000| Untracked 
|   5|0x00000000a1100000, 0x00000000a1100000, 0x00000000a1200000|  0%| F|  |TAMS 0x00000000a1100000, 0x00000000a1100000| Untracked 
|   6|0x00000000a1200000, 0x00000000a1200000, 0x00000000a1300000|  0%| F|  |TAMS 0x00000000a1200000, 0x00000000a1200000| Untracked 
|   7|0x00000000a1300000, 0x00000000a1300000, 0x00000000a1400000|  0%| F|  |TAMS 0x00000000a1300000, 0x00000000a1300000| Untracked 
|   8|0x00000000a1400000, 0x00000000a1400000, 0x00000000a1500000|  0%| F|  |TAMS 0x00000000a1400000, 0x00000000a1400000| Untracked 
|   9|0x00000000a1500000, 0x00000000a1500000, 0x00000000a1600000|  0%| F|  |TAMS 0x00000000a1500000, 0x00000000a1500000| Untracked 
|  10|0x00000000a1600000, 0x00000000a1600000, 0x00000000a1700000|  0%| F|  |TAMS 0x00000000a1600000, 0x00000000a1600000| Untracked 
|  11|0x00000000a1700000, 0x00000000a1700000, 0x00000000a1800000|  0%| F|  |TAMS 0x00000000a1700000, 0x00000000a1700000| Untracked 
|  12|0x00000000a1800000, 0x00000000a1800000, 0x00000000a1900000|  0%| F|  |TAMS 0x00000000a1800000, 0x00000000a1800000| Untracked 
|  13|0x00000000a1900000, 0x00000000a1900000, 0x00000000a1a00000|  0%| F|  |TAMS 0x00000000a1900000, 0x00000000a1900000| Untracked 
|  14|0x00000000a1a00000, 0x00000000a1a00000, 0x00000000a1b00000|  0%| F|  |TAMS 0x00000000a1a00000, 0x00000000a1a00000| Untracked 
|  15|0x00000000a1b00000, 0x00000000a1b00000, 0x00000000a1c00000|  0%| F|  |TAMS 0x00000000a1b00000, 0x00000000a1b00000| Untracked 
|  16|0x00000000a1c00000, 0x00000000a1c00000, 0x00000000a1d00000|  0%| F|  |TAMS 0x00000000a1c00000, 0x00000000a1c00000| Untracked 
|  17|0x00000000a1d00000, 0x00000000a1d00000, 0x00000000a1e00000|  0%| F|  |TAMS 0x00000000a1d00000, 0x00000000a1d00000| Untracked 
|  18|0x00000000a1e00000, 0x00000000a1e00000, 0x00000000a1f00000|  0%| F|  |TAMS 0x00000000a1e00000, 0x00000000a1e00000| Untracked 
|  19|0x00000000a1f00000, 0x00000000a1f00000, 0x00000000a2000000|  0%| F|  |TAMS 0x00000000a1f00000, 0x00000000a1f00000| Untracked 
|  20|0x00000000a2000000, 0x00000000a2000000, 0x00000000a2100000|  0%| F|  |TAMS 0x00000000a2000000, 0x00000000a2000000| Untracked 
|  21|0x00000000a2100000, 0x00000000a2100000, 0x00000000a2200000|  0%| F|  |TAMS 0x00000000a2100000, 0x00000000a2100000| Untracked 
|  22|0x00000000a2200000, 0x00000000a2200000, 0x00000000a2300000|  0%| F|  |TAMS 0x00000000a2200000, 0x00000000a2200000| Untracked 
|  23|0x00000000a2300000, 0x00000000a2300000, 0x00000000a2400000|  0%| F|  |TAMS 0x00000000a2300000, 0x00000000a2300000| Untracked 
|  24|0x00000000a2400000, 0x00000000a2400000, 0x00000000a2500000|  0%| F|  |TAMS 0x00000000a2400000, 0x00000000a2400000| Untracked 
|  25|0x00000000a2500000, 0x00000000a2500000, 0x00000000a2600000|  0%| F|  |TAMS 0x00000000a2500000, 0x00000000a2500000| Untracked 
|  26|0x00000000a2600000, 0x00000000a2600000, 0x00000000a2700000|  0%| F|  |TAMS 0x00000000a2600000, 0x00000000a2600000| Untracked 
|  27|0x00000000a2700000, 0x00000000a2700000, 0x00000000a2800000|  0%| F|  |TAMS 0x00000000a2700000, 0x00000000a2700000| Untracked 
|  28|0x00000000a2800000, 0x00000000a2800000, 0x00000000a2900000|  0%| F|  |TAMS 0x00000000a2800000, 0x00000000a2800000| Untracked 
|  29|0x00000000a2900000, 0x00000000a2900000, 0x00000000a2a00000|  0%| F|  |TAMS 0x00000000a2900000, 0x00000000a2900000| Untracked 
|  30|0x00000000a2a00000, 0x00000000a2a00000, 0x00000000a2b00000|  0%| F|  |TAMS 0x00000000a2a00000, 0x00000000a2a00000| Untracked 
|  31|0x00000000a2b00000, 0x00000000a2b00000, 0x00000000a2c00000|  0%| F|  |TAMS 0x00000000a2b00000, 0x00000000a2b00000| Untracked 
|  32|0x00000000a2c00000, 0x00000000a2c00000, 0x00000000a2d00000|  0%| F|  |TAMS 0x00000000a2c00000, 0x00000000a2c00000| Untracked 
|  33|0x00000000a2d00000, 0x00000000a2d00000, 0x00000000a2e00000|  0%| F|  |TAMS 0x00000000a2d00000, 0x00000000a2d00000| Untracked 
|  34|0x00000000a2e00000, 0x00000000a2e00000, 0x00000000a2f00000|  0%| F|  |TAMS 0x00000000a2e00000, 0x00000000a2e00000| Untracked 
|  35|0x00000000a2f00000, 0x00000000a2f00000, 0x00000000a3000000|  0%| F|  |TAMS 0x00000000a2f00000, 0x00000000a2f00000| Untracked 
|  36|0x00000000a3000000, 0x00000000a3000000, 0x00000000a3100000|  0%| F|  |TAMS 0x00000000a3000000, 0x00000000a3000000| Untracked 
|  37|0x00000000a3100000, 0x00000000a3100000, 0x00000000a3200000|  0%| F|  |TAMS 0x00000000a3100000, 0x00000000a3100000| Untracked 
|  38|0x00000000a3200000, 0x00000000a3200000, 0x00000000a3300000|  0%| F|  |TAMS 0x00000000a3200000, 0x00000000a3200000| Untracked 
|  39|0x00000000a3300000, 0x00000000a3300000, 0x00000000a3400000|  0%| F|  |TAMS 0x00000000a3300000, 0x00000000a3300000| Untracked 
|  40|0x00000000a3400000, 0x00000000a3400000, 0x00000000a3500000|  0%| F|  |TAMS 0x00000000a3400000, 0x00000000a3400000| Untracked 
|  41|0x00000000a3500000, 0x00000000a3500000, 0x00000000a3600000|  0%| F|  |TAMS 0x00000000a3500000, 0x00000000a3500000| Untracked 
|  42|0x00000000a3600000, 0x00000000a3600000, 0x00000000a3700000|  0%| F|  |TAMS 0x00000000a3600000, 0x00000000a3600000| Untracked 
|  43|0x00000000a3700000, 0x00000000a3700000, 0x00000000a3800000|  0%| F|  |TAMS 0x00000000a3700000, 0x00000000a3700000| Untracked 
|  44|0x00000000a3800000, 0x00000000a3800000, 0x00000000a3900000|  0%| F|  |TAMS 0x00000000a3800000, 0x00000000a3800000| Untracked 
|  45|0x00000000a3900000, 0x00000000a3900000, 0x00000000a3a00000|  0%| F|  |TAMS 0x00000000a3900000, 0x00000000a3900000| Untracked 
|  46|0x00000000a3a00000, 0x00000000a3a00000, 0x00000000a3b00000|  0%| F|  |TAMS 0x00000000a3a00000, 0x00000000a3a00000| Untracked 
|  47|0x00000000a3b00000, 0x00000000a3b00000, 0x00000000a3c00000|  0%| F|  |TAMS 0x00000000a3b00000, 0x00000000a3b00000| Untracked 
|  48|0x00000000a3c00000, 0x00000000a3c00000, 0x00000000a3d00000|  0%| F|  |TAMS 0x00000000a3c00000, 0x00000000a3c00000| Untracked 
|  49|0x00000000a3d00000, 0x00000000a3d00000, 0x00000000a3e00000|  0%| F|  |TAMS 0x00000000a3d00000, 0x00000000a3d00000| Untracked 
|  50|0x00000000a3e00000, 0x00000000a3e00000, 0x00000000a3f00000|  0%| F|  |TAMS 0x00000000a3e00000, 0x00000000a3e00000| Untracked 
|  51|0x00000000a3f00000, 0x00000000a3f00000, 0x00000000a4000000|  0%| F|  |TAMS 0x00000000a3f00000, 0x00000000a3f00000| Untracked 
|  52|0x00000000a4000000, 0x00000000a4000000, 0x00000000a4100000|  0%| F|  |TAMS 0x00000000a4000000, 0x00000000a4000000| Untracked 
|  53|0x00000000a4100000, 0x00000000a4100000, 0x00000000a4200000|  0%| F|  |TAMS 0x00000000a4100000, 0x00000000a4100000| Untracked 
|  54|0x00000000a4200000, 0x00000000a4200000, 0x00000000a4300000|  0%| F|  |TAMS 0x00000000a4200000, 0x00000000a4200000| Untracked 
|  55|0x00000000a4300000, 0x00000000a4300000, 0x00000000a4400000|  0%| F|  |TAMS 0x00000000a4300000, 0x00000000a4300000| Untracked 
|  56|0x00000000a4400000, 0x00000000a4400000, 0x00000000a4500000|  0%| F|  |TAMS 0x00000000a4400000, 0x00000000a4400000| Untracked 
|  57|0x00000000a4500000, 0x00000000a4500000, 0x00000000a4600000|  0%| F|  |TAMS 0x00000000a4500000, 0x00000000a4500000| Untracked 
|  58|0x00000000a4600000, 0x00000000a4600000, 0x00000000a4700000|  0%| F|  |TAMS 0x00000000a4600000, 0x00000000a4600000| Untracked 
|  59|0x00000000a4700000, 0x00000000a4700000, 0x00000000a4800000|  0%| F|  |TAMS 0x00000000a4700000, 0x00000000a4700000| Untracked 
|  60|0x00000000a4800000, 0x00000000a4800000, 0x00000000a4900000|  0%| F|  |TAMS 0x00000000a4800000, 0x00000000a4800000| Untracked 
|  61|0x00000000a4900000, 0x00000000a4900000, 0x00000000a4a00000|  0%| F|  |TAMS 0x00000000a4900000, 0x00000000a4900000| Untracked 
|  62|0x00000000a4a00000, 0x00000000a4a00000, 0x00000000a4b00000|  0%| F|  |TAMS 0x00000000a4a00000, 0x00000000a4a00000| Untracked 
|  63|0x00000000a4b00000, 0x00000000a4b00000, 0x00000000a4c00000|  0%| F|  |TAMS 0x00000000a4b00000, 0x00000000a4b00000| Untracked 
|  64|0x00000000a4c00000, 0x00000000a4c00000, 0x00000000a4d00000|  0%| F|  |TAMS 0x00000000a4c00000, 0x00000000a4c00000| Untracked 
|  65|0x00000000a4d00000, 0x00000000a4d00000, 0x00000000a4e00000|  0%| F|  |TAMS 0x00000000a4d00000, 0x00000000a4d00000| Untracked 
|  66|0x00000000a4e00000, 0x00000000a4e00000, 0x00000000a4f00000|  0%| F|  |TAMS 0x00000000a4e00000, 0x00000000a4e00000| Untracked 
|  67|0x00000000a4f00000, 0x00000000a4f00000, 0x00000000a5000000|  0%| F|  |TAMS 0x00000000a4f00000, 0x00000000a4f00000| Untracked 
|  68|0x00000000a5000000, 0x00000000a5000000, 0x00000000a5100000|  0%| F|  |TAMS 0x00000000a5000000, 0x00000000a5000000| Untracked 
|  69|0x00000000a5100000, 0x00000000a5100000, 0x00000000a5200000|  0%| F|  |TAMS 0x00000000a5100000, 0x00000000a5100000| Untracked 
|  70|0x00000000a5200000, 0x00000000a5200000, 0x00000000a5300000|  0%| F|  |TAMS 0x00000000a5200000, 0x00000000a5200000| Untracked 
|  71|0x00000000a5300000, 0x00000000a5300000, 0x00000000a5400000|  0%| F|  |TAMS 0x00000000a5300000, 0x00000000a5300000| Untracked 
|  72|0x00000000a5400000, 0x00000000a5400000, 0x00000000a5500000|  0%| F|  |TAMS 0x00000000a5400000, 0x00000000a5400000| Untracked 
|  73|0x00000000a5500000, 0x00000000a5500000, 0x00000000a5600000|  0%| F|  |TAMS 0x00000000a5500000, 0x00000000a5500000| Untracked 
|  74|0x00000000a5600000, 0x00000000a5600000, 0x00000000a5700000|  0%| F|  |TAMS 0x00000000a5600000, 0x00000000a5600000| Untracked 
|  75|0x00000000a5700000, 0x00000000a5700000, 0x00000000a5800000|  0%| F|  |TAMS 0x00000000a5700000, 0x00000000a5700000| Untracked 
|  76|0x00000000a5800000, 0x00000000a5800000, 0x00000000a5900000|  0%| F|  |TAMS 0x00000000a5800000, 0x00000000a5800000| Untracked 
|  77|0x00000000a5900000, 0x00000000a5900000, 0x00000000a5a00000|  0%| F|  |TAMS 0x00000000a5900000, 0x00000000a5900000| Untracked 
|  78|0x00000000a5a00000, 0x00000000a5a00000, 0x00000000a5b00000|  0%| F|  |TAMS 0x00000000a5a00000, 0x00000000a5a00000| Untracked 
|  79|0x00000000a5b00000, 0x00000000a5b00000, 0x00000000a5c00000|  0%| F|  |TAMS 0x00000000a5b00000, 0x00000000a5b00000| Untracked 
|  80|0x00000000a5c00000, 0x00000000a5c00000, 0x00000000a5d00000|  0%| F|  |TAMS 0x00000000a5c00000, 0x00000000a5c00000| Untracked 
|  81|0x00000000a5d00000, 0x00000000a5e00000, 0x00000000a5e00000|100%| S|CS|TAMS 0x00000000a5d00000, 0x00000000a5d00000| Complete 
|  82|0x00000000a5e00000, 0x00000000a5f00000, 0x00000000a5f00000|100%| S|CS|TAMS 0x00000000a5e00000, 0x00000000a5e00000| Complete 
|  83|0x00000000a5f00000, 0x00000000a5f00000, 0x00000000a6000000|  0%| F|  |TAMS 0x00000000a5f00000, 0x00000000a5f00000| Untracked 
|  84|0x00000000a6000000, 0x00000000a6092cc0, 0x00000000a6100000| 57%| E|  |TAMS 0x00000000a6000000, 0x00000000a6000000| Complete 
|  85|0x00000000a6100000, 0x00000000a6200000, 0x00000000a6200000|100%| E|CS|TAMS 0x00000000a6100000, 0x00000000a6100000| Complete 
|  86|0x00000000a6200000, 0x00000000a6300000, 0x00000000a6300000|100%| E|CS|TAMS 0x00000000a6200000, 0x00000000a6200000| Complete 
|  87|0x00000000a6300000, 0x00000000a6400000, 0x00000000a6400000|100%| E|CS|TAMS 0x00000000a6300000, 0x00000000a6300000| Complete 
|  88|0x00000000a6400000, 0x00000000a6500000, 0x00000000a6500000|100%| E|CS|TAMS 0x00000000a6400000, 0x00000000a6400000| Complete 
|  89|0x00000000a6500000, 0x00000000a6600000, 0x00000000a6600000|100%| E|CS|TAMS 0x00000000a6500000, 0x00000000a6500000| Complete 
|  90|0x00000000a6600000, 0x00000000a6700000, 0x00000000a6700000|100%| E|CS|TAMS 0x00000000a6600000, 0x00000000a6600000| Complete 
|  91|0x00000000a6700000, 0x00000000a6800000, 0x00000000a6800000|100%| E|CS|TAMS 0x00000000a6700000, 0x00000000a6700000| Complete 
|  92|0x00000000a6800000, 0x00000000a6900000, 0x00000000a6900000|100%| E|CS|TAMS 0x00000000a6800000, 0x00000000a6800000| Complete 
|  93|0x00000000a6900000, 0x00000000a6a00000, 0x00000000a6a00000|100%| E|CS|TAMS 0x00000000a6900000, 0x00000000a6900000| Complete 
|  94|0x00000000a6a00000, 0x00000000a6b00000, 0x00000000a6b00000|100%| E|CS|TAMS 0x00000000a6a00000, 0x00000000a6a00000| Complete 
|  95|0x00000000a6b00000, 0x00000000a6c00000, 0x00000000a6c00000|100%| E|CS|TAMS 0x00000000a6b00000, 0x00000000a6b00000| Complete 

Card table byte_map: [0x00000245bc770000,0x00000245bca70000] _byte_map_base: 0x00000245bc26a000

Marking Bits (Prev, Next): (CMBitMap*) 0x00000245a9df8d30, (CMBitMap*) 0x00000245a9df8d70
 Prev Bits: [0x00000245bcd70000, 0x00000245be540000)
 Next Bits: [0x00000245be540000, 0x00000245bfd10000)

Polling page: 0x00000245a7da0000

Metaspace:

Usage:
  Non-class:     16.43 MB used.
      Class:      1.80 MB used.
       Both:     18.23 MB used.

Virtual space:
  Non-class space:       24.00 MB reserved,      16.56 MB ( 69%) committed,  3 nodes.
      Class space:        1.00 GB reserved,       1.88 MB ( <1%) committed,  1 nodes.
             Both:        1.02 GB reserved,      18.44 MB (  2%) committed. 

Chunk freelists:
   Non-Class:  2.62 MB
       Class:  2.17 MB
        Both:  4.79 MB

MaxMetaspaceSize: unlimited
CompressedClassSpaceSize: 1.00 GB
Initial GC threshold: 21.00 MB
Current GC threshold: 21.00 MB
CDS: off
MetaspaceReclaimPolicy: balanced
 - commit_granule_bytes: 65536.
 - commit_granule_words: 8192.
 - virtual_space_node_default_size: 1048576.
 - enlarge_chunks_in_place: 1.
 - new_chunks_are_fully_committed: 0.
 - uncommit_free_chunks: 1.
 - use_allocation_guard: 0.
 - handle_deallocations: 1.


Internal statistics:

num_allocs_failed_limit: 0.
num_arena_births: 60.
num_arena_deaths: 0.
num_vsnodes_births: 4.
num_vsnodes_deaths: 0.
num_space_committed: 295.
num_space_uncommitted: 0.
num_chunks_returned_to_freelist: 0.
num_chunks_taken_from_freelist: 250.
num_chunk_merges: 0.
num_chunk_splits: 150.
num_chunks_enlarged: 107.
num_purges: 0.
num_inconsistent_stats: 0.

CodeHeap 'non-profiled nmethods': size=120000Kb used=599Kb max_used=599Kb free=119400Kb
 bounds [0x00000245b4f40000, 0x00000245b51b0000, 0x00000245bc470000]
CodeHeap 'profiled nmethods': size=120000Kb used=2661Kb max_used=2661Kb free=117338Kb
 bounds [0x00000245ada10000, 0x00000245adcb0000, 0x00000245b4f40000]
CodeHeap 'non-nmethods': size=5760Kb used=1222Kb max_used=1255Kb free=4537Kb
 bounds [0x00000245ad470000, 0x00000245ad6e0000, 0x00000245ada10000]
 total_blobs=1969 nmethods=1444 adapters=438
 compilation: enabled
              stopped_count=0, restarted_count=0
 full_count=0

Compilation events (20 events):
Event: 26600.550 Thread 0x00000245c22175f0 nmethod 1435 0x00000245adca8e90 code [0x00000245adca9020, 0x00000245adca9218]
Event: 26655.710 Thread 0x00000245c2211710 1436       4       java.lang.String::indexOf (64 bytes)
Event: 26655.712 Thread 0x00000245c2211710 nmethod 1436 0x00000245b4fc6910 code [0x00000245b4fc6a80, 0x00000245b4fc6cb8]
Event: 26655.712 Thread 0x00000245c2211710 1437       4       java.lang.StringLatin1::indexOf (25 bytes)
Event: 26655.714 Thread 0x00000245c2211710 nmethod 1437 0x00000245b4fc6d90 code [0x00000245b4fc6f00, 0x00000245b4fc70f8]
Event: 34624.621 Thread 0x00000245c2211710 1438   !   4       jdk.internal.loader.BuiltinClassLoader::findResource (154 bytes)
Event: 34624.664 Thread 0x00000245c2211710 nmethod 1438 0x00000245b4fc7210 code [0x00000245b4fc7420, 0x00000245b4fc83c8]
Event: 35305.799 Thread 0x00000245c2211710 1439       4       java.lang.ref.ReferenceQueue::reallyPoll (65 bytes)
Event: 35305.810 Thread 0x00000245c2211710 nmethod 1439 0x00000245b4fc8f10 code [0x00000245b4fc90a0, 0x00000245b4fc9378]
Event: 35335.862 Thread 0x00000245c2211710 1440   !   4       java.net.URL::<init> (543 bytes)
Event: 35335.996 Thread 0x00000245c2211710 nmethod 1440 0x00000245b4fc9410 code [0x00000245b4fc96c0, 0x00000245b4fcb660]
Event: 35365.948 Thread 0x00000245c2211710 1441       4       java.net.URLStreamHandler::setURL (73 bytes)
Event: 35365.995 Thread 0x00000245c2211710 nmethod 1441 0x00000245b4fcc810 code [0x00000245b4fcc9e0, 0x00000245b4fcd730]
Event: 35821.655 Thread 0x00000245c2211710 1442       4       java.net.URLStreamHandler::parseURL (1201 bytes)
Event: 35821.850 Thread 0x00000245c2211710 nmethod 1442 0x00000245b4fcdd90 code [0x00000245b4fce200, 0x00000245b4fd2c08]
Event: 37399.815 Thread 0x00000245c2211710 1443       4       java.lang.ClassLoader::getResource (41 bytes)
Event: 37399.826 Thread 0x00000245c2211710 nmethod 1443 0x00000245b4fd5810 code [0x00000245b4fd59e0, 0x00000245b4fd5c10]
Event: 68157.753 Thread 0x00000245c22175f0 1444       3       java.util.concurrent.ConcurrentHashMap::resizeStamp (9 bytes)
Event: 68157.775 Thread 0x00000245c22175f0 nmethod 1444 0x00000245adca9290 code [0x00000245adca9420, 0x00000245adca9548]
Event: 68170.514 Thread 0x00000245c2211710 1445       4       java.util.Properties::saveConvert (383 bytes)

GC Heap History (2 events):
Event: 9.501 GC heap before
{Heap before GC invocations=0 (full 0):
 garbage-first heap   total 98304K, used 13312K [0x00000000a0c00000, 0x0000000100000000)
  region size 1024K, 13 young (13312K), 0 survivors (0K)
 Metaspace       used 13769K, committed 14016K, reserved 1064960K
  class space    used 1289K, committed 1408K, reserved 1048576K
}
Event: 9.508 GC heap after
{Heap after GC invocations=1 (full 0):
 garbage-first heap   total 98304K, used 3552K [0x00000000a0c00000, 0x0000000100000000)
  region size 1024K, 2 young (2048K), 2 survivors (2048K)
 Metaspace       used 13769K, committed 14016K, reserved 1064960K
  class space    used 1289K, committed 1408K, reserved 1048576K
}

Deoptimization events (20 events):
Event: 37.744 Thread 0x00000245a9dac2d0 Uncommon trap: trap_request=0xffffffde fr.pc=0x00000245b4f98a30 relative=0x00000000000013b0
Event: 37.744 Thread 0x00000245a9dac2d0 Uncommon trap: reason=class_check action=maybe_recompile pc=0x00000245b4f98a30 method=java.util.regex.Matcher.search(I)Z @ 121 c2
Event: 37.744 Thread 0x00000245a9dac2d0 DEOPT PACKING pc=0x00000245b4f98a30 sp=0x000000d737dff0a0
Event: 37.744 Thread 0x00000245a9dac2d0 DEOPT UNPACKING pc=0x00000245ad4c23a3 sp=0x000000d737dff0f0 mode 2
Event: 37.745 Thread 0x00000245a9dac2d0 Uncommon trap: trap_request=0xffffff45 fr.pc=0x00000245b4f8394c relative=0x00000000000000ac
Event: 37.745 Thread 0x00000245a9dac2d0 Uncommon trap: reason=unstable_if action=reinterpret pc=0x00000245b4f8394c method=java.lang.CharacterDataLatin1.digit(II)I @ 12 c2
Event: 37.745 Thread 0x00000245a9dac2d0 DEOPT PACKING pc=0x00000245b4f8394c sp=0x000000d737dfeb00
Event: 37.745 Thread 0x00000245a9dac2d0 DEOPT UNPACKING pc=0x00000245ad4c23a3 sp=0x000000d737dfe9b8 mode 2
Event: 37.770 Thread 0x00000245a9dac2d0 Uncommon trap: trap_request=0xffffffde fr.pc=0x00000245b4f98504 relative=0x0000000000000e84
Event: 37.770 Thread 0x00000245a9dac2d0 Uncommon trap: reason=class_check action=maybe_recompile pc=0x00000245b4f98504 method=java.util.regex.Pattern$Start.match(Ljava/util/regex/Matcher;ILjava/lang/CharSequence;)Z @ 44 c2
Event: 37.770 Thread 0x00000245a9dac2d0 DEOPT PACKING pc=0x00000245b4f98504 sp=0x000000d737dfdac0
Event: 37.770 Thread 0x00000245a9dac2d0 DEOPT UNPACKING pc=0x00000245ad4c23a3 sp=0x000000d737dfdaa0 mode 2
Event: 37.789 Thread 0x00000245a9dac2d0 DEOPT PACKING pc=0x00000245adbf8871 sp=0x000000d737dfddf0
Event: 37.789 Thread 0x00000245a9dac2d0 DEOPT UNPACKING pc=0x00000245ad4c2b43 sp=0x000000d737dfd220 mode 0
Event: 37.791 Thread 0x00000245a9dac2d0 Uncommon trap: trap_request=0xffffffde fr.pc=0x00000245b4f98504 relative=0x0000000000000e84
Event: 37.791 Thread 0x00000245a9dac2d0 Uncommon trap: reason=class_check action=maybe_recompile pc=0x00000245b4f98504 method=java.util.regex.Pattern$Start.match(Ljava/util/regex/Matcher;ILjava/lang/CharSequence;)Z @ 44 c2
Event: 37.791 Thread 0x00000245a9dac2d0 DEOPT PACKING pc=0x00000245b4f98504 sp=0x000000d737dfe440
Event: 37.791 Thread 0x00000245a9dac2d0 DEOPT UNPACKING pc=0x00000245ad4c23a3 sp=0x000000d737dfe420 mode 2
Event: 1390.167 Thread 0x00000245a9dad090 DEOPT PACKING pc=0x00000245adaa824e sp=0x000000d7390feef0
Event: 1390.167 Thread 0x00000245a9dad090 DEOPT UNPACKING pc=0x00000245ad4c2b43 sp=0x000000d7390fe338 mode 0

Classes unloaded (0 events):
No events

Classes redefined (0 events):
No events

Internal exceptions (15 events):
Event: 9.019 Thread 0x00000245a9dac2d0 Exception <a 'java/lang/NoSuchMethodError'{0x00000000a67490f0}: 'java.lang.Object java.lang.invoke.DirectMethodHandle$Holder.invokeStaticInit(java.lang.Object)'> (0x00000000a67490f0) 
thrown [e:\jenkins\tmp\workspace\build\src\src\hotspot\share\interpreter\linkResolver.cpp, line 766]
Event: 9.021 Thread 0x00000245a9dac2d0 Exception <a 'java/lang/NoSuchMethodError'{0x00000000a674f9b0}: 'java.lang.Object java.lang.invoke.DirectMethodHandle$Holder.invokeInterface(java.lang.Object, java.lang.Object)'> (0x00000000a674f9b0) 
thrown [e:\jenkins\tmp\workspace\build\src\src\hotspot\share\interpreter\linkResolver.cpp, line 766]
Event: 9.067 Thread 0x00000245a9dac2d0 Exception <a 'java/lang/NoSuchMethodError'{0x00000000a67cff30}: 'void java.lang.invoke.DirectMethodHandle$Holder.invokeSpecial(java.lang.Object, java.lang.Object, java.lang.Object)'> (0x00000000a67cff30) 
thrown [e:\jenkins\tmp\workspace\build\src\src\hotspot\share\interpreter\linkResolver.cpp, line 766]
Event: 9.069 Thread 0x00000245a9dac2d0 Exception <a 'java/lang/NoSuchMethodError'{0x00000000a67d7050}: 'void java.lang.invoke.DirectMethodHandle$Holder.invokeStatic(java.lang.Object, java.lang.Object, java.lang.Object)'> (0x00000000a67d7050) 
thrown [e:\jenkins\tmp\workspace\build\src\src\hotspot\share\interpreter\linkResolver.cpp, line 766]
Event: 9.072 Thread 0x00000245a9dac2d0 Exception <a 'java/lang/NoSuchMethodError'{0x00000000a67e1330}: 'java.lang.Object java.lang.invoke.DirectMethodHandle$Holder.invokeVirtual(java.lang.Object, java.lang.Object, java.lang.Object)'> (0x00000000a67e1330) 
thrown [e:\jenkins\tmp\workspace\build\src\src\hotspot\share\interpreter\linkResolver.cpp, line 766]
Event: 9.221 Thread 0x00000245a9dac2d0 Exception <a 'java/lang/NoSuchMethodError'{0x00000000a6346060}: 'void java.lang.invoke.DirectMethodHandle$Holder.invokeStatic(java.lang.Object, java.lang.Object)'> (0x00000000a6346060) 
thrown [e:\jenkins\tmp\workspace\build\src\src\hotspot\share\interpreter\linkResolver.cpp, line 766]
Event: 9.361 Thread 0x00000245a9dac2d0 Exception <a 'java/lang/NoSuchMethodError'{0x00000000a6004ad0}: 'void java.lang.invoke.DirectMethodHandle$Holder.invokeStaticInit(java.lang.Object, java.lang.Object)'> (0x00000000a6004ad0) 
thrown [e:\jenkins\tmp\workspace\build\src\src\hotspot\share\interpreter\linkResolver.cpp, line 766]
Event: 9.453 Thread 0x00000245a9dac2d0 Exception <a 'sun/nio/fs/WindowsException'{0x00000000a5f79c08}> (0x00000000a5f79c08) 
thrown [e:\jenkins\tmp\workspace\build\src\src\hotspot\share\prims\jni.cpp, line 516]
Event: 9.473 Thread 0x00000245a9dac2d0 Exception <a 'java/lang/NoSuchMethodError'{0x00000000a5f9f6d0}: 'int java.lang.invoke.DirectMethodHandle$Holder.invokeStaticInit(java.lang.Object, java.lang.Object, java.lang.Object, java.lang.Object)'> (0x00000000a5f9f6d0) 
thrown [e:\jenkins\tmp\workspace\build\src\src\hotspot\share\interpreter\linkResolver.cpp, line 766]
Event: 9.474 Thread 0x00000245a9dac2d0 Exception <a 'java/lang/IncompatibleClassChangeError'{0x00000000a5fa8a10}: Found class java.lang.Object, but interface was expected> (0x00000000a5fa8a10) 
thrown [e:\jenkins\tmp\workspace\build\src\src\hotspot\share\interpreter\linkResolver.cpp, line 833]
Event: 9.475 Thread 0x00000245a9dac2d0 Exception <a 'java/lang/NoSuchMethodError'{0x00000000a5fae4c8}: 'int java.lang.invoke.DirectMethodHandle$Holder.invokeStaticInit(java.lang.Object, java.lang.Object)'> (0x00000000a5fae4c8) 
thrown [e:\jenkins\tmp\workspace\build\src\src\hotspot\share\interpreter\linkResolver.cpp, line 766]
Event: 9.536 Thread 0x00000245a9dac2d0 Exception <a 'java/lang/NoSuchMethodError'{0x00000000a6a460b8}: 'java.lang.Object java.lang.invoke.DirectMethodHandle$Holder.invokeStaticInit(java.lang.Object, int, int, int, int)'> (0x00000000a6a460b8) 
thrown [e:\jenkins\tmp\workspace\build\src\src\hotspot\share\interpreter\linkResolver.cpp, line 766]
Event: 9.578 Thread 0x00000245a9dac2d0 Exception <a 'java/lang/NoSuchMethodError'{0x00000000a6a6f118}: 'java.lang.Object java.lang.invoke.DirectMethodHandle$Holder.invokeStaticInit(java.lang.Object, java.lang.Object, int, int, int, int)'> (0x00000000a6a6f118) 
thrown [e:\jenkins\tmp\workspace\build\src\src\hotspot\share\interpreter\linkResolver.cpp, line 766]
Event: 9.879 Thread 0x00000245a9dac2d0 Exception <a 'java/io/IOException'{0x00000000a6594388}> (0x00000000a6594388) 
thrown [e:\jenkins\tmp\workspace\build\src\src\hotspot\share\prims\jni.cpp, line 516]
Event: 37.791 Thread 0x00000245a9dac2d0 Exception <a 'java/io/IOException'{0x00000000a64efc28}> (0x00000000a64efc28) 
thrown [e:\jenkins\tmp\workspace\build\src\src\hotspot\share\prims\jni.cpp, line 516]

VM Operations (20 events):
Event: 8.986 Executing VM operation: HandshakeAllThreads
Event: 8.986 Executing VM operation: HandshakeAllThreads done
Event: 9.189 Executing VM operation: HandshakeAllThreads
Event: 9.189 Executing VM operation: HandshakeAllThreads done
Event: 9.407 Executing VM operation: HandshakeAllThreads
Event: 9.407 Executing VM operation: HandshakeAllThreads done
Event: 9.501 Executing VM operation: G1CollectForAllocation
Event: 9.508 Executing VM operation: G1CollectForAllocation done
Event: 9.726 Executing VM operation: HandshakeAllThreads
Event: 9.726 Executing VM operation: HandshakeAllThreads done
Event: 9.876 Executing VM operation: ICBufferFull
Event: 9.876 Executing VM operation: ICBufferFull done
Event: 10.883 Executing VM operation: Cleanup
Event: 10.883 Executing VM operation: Cleanup done
Event: 33.036 Executing VM operation: Cleanup
Event: 33.036 Executing VM operation: Cleanup done
Event: 38.089 Executing VM operation: Cleanup
Event: 38.089 Executing VM operation: Cleanup done
Event: 630.195 Executing VM operation: Cleanup
Event: 630.195 Executing VM operation: Cleanup done

Events (20 events):
Event: 9.850 loading class sun/util/locale/provider/CalendarDataUtility$CalendarWeekParameterGetter done
Event: 9.851 loading class sun/util/cldr/CLDRCalendarDataProviderImpl
Event: 9.851 loading class sun/util/locale/provider/CalendarDataProviderImpl
Event: 9.851 loading class sun/util/locale/provider/CalendarDataProviderImpl done
Event: 9.851 loading class sun/util/cldr/CLDRCalendarDataProviderImpl done
Event: 9.871 loading class sun/util/resources/cldr/CalendarData
Event: 9.871 loading class sun/util/resources/cldr/CalendarData done
Event: 9.874 loading class java/time/format/DateTimeParseException
Event: 9.874 loading class java/time/DateTimeException
Event: 9.874 loading class java/time/DateTimeException done
Event: 9.874 loading class java/time/format/DateTimeParseException done
Event: 9.877 loading class sun/security/ssl/Alert
Event: 9.877 loading class sun/security/ssl/Alert done
Event: 9.877 loading class sun/security/ssl/Alert$AlertConsumer
Event: 9.878 loading class sun/security/ssl/Alert$AlertConsumer done
Event: 9.878 loading class sun/security/ssl/Alert$Level
Event: 9.878 loading class sun/security/ssl/Alert$Level done
Event: 13.963 Thread 0x00000245c2eb4c70 Thread exited: 0x00000245c2eb4c70
Event: 37.755 Thread 0x00000245c35f43f0 Thread added: 0x00000245c35f43f0
Event: 42.799 Thread 0x00000245c35f43f0 Thread exited: 0x00000245c35f43f0


Dynamic libraries:
0x00007ff62fd60000 - 0x00007ff62fd6e000 	D:\STS\sts-4.15.1.RELEASE\plugins\org.eclipse.justj.openjdk.hotspot.jre.full.win32.x86_64_17.0.3.v20220515-1416\jre\bin\javaw.exe
0x00007ffae4950000 - 0x00007ffae4b48000 	C:\WINDOWS\SYSTEM32\ntdll.dll
0x00007ffae3570000 - 0x00007ffae362d000 	C:\WINDOWS\System32\KERNEL32.DLL
0x00007ffae2200000 - 0x00007ffae24ce000 	C:\WINDOWS\System32\KERNELBASE.dll
0x00007ffae2750000 - 0x00007ffae2850000 	C:\WINDOWS\System32\ucrtbase.dll
0x00007ffad4d70000 - 0x00007ffad4d88000 	D:\STS\sts-4.15.1.RELEASE\plugins\org.eclipse.justj.openjdk.hotspot.jre.full.win32.x86_64_17.0.3.v20220515-1416\jre\bin\jli.dll
0x00007ffacc6b0000 - 0x00007ffacc6c9000 	D:\STS\sts-4.15.1.RELEASE\plugins\org.eclipse.justj.openjdk.hotspot.jre.full.win32.x86_64_17.0.3.v20220515-1416\jre\bin\VCRUNTIME140.dll
0x00007ffad4f30000 - 0x00007ffad51ca000 	C:\WINDOWS\WinSxS\amd64_microsoft.windows.common-controls_6595b64144ccf1df_6.0.19041.1110_none_60b5254171f9507e\COMCTL32.dll
0x00007ffae4870000 - 0x00007ffae490e000 	C:\WINDOWS\System32\msvcrt.dll
0x00007ffae2a80000 - 0x00007ffae2c20000 	C:\WINDOWS\System32\USER32.dll
0x00007ffae3400000 - 0x00007ffae342a000 	C:\WINDOWS\System32\GDI32.dll
0x00007ffae28e0000 - 0x00007ffae2902000 	C:\WINDOWS\System32\win32u.dll
0x00007ffae20c0000 - 0x00007ffae21cb000 	C:\WINDOWS\System32\gdi32full.dll
0x00007ffae2910000 - 0x00007ffae29ad000 	C:\WINDOWS\System32\msvcp_win.dll
0x00007ffae4840000 - 0x00007ffae4870000 	C:\WINDOWS\System32\IMM32.DLL
0x00007ffaddd00000 - 0x00007ffaddd0c000 	D:\STS\sts-4.15.1.RELEASE\plugins\org.eclipse.justj.openjdk.hotspot.jre.full.win32.x86_64_17.0.3.v20220515-1416\jre\bin\vcruntime140_1.dll
0x00007ffabbec0000 - 0x00007ffabbf51000 	D:\STS\sts-4.15.1.RELEASE\plugins\org.eclipse.justj.openjdk.hotspot.jre.full.win32.x86_64_17.0.3.v20220515-1416\jre\bin\msvcp140.dll
0x00007ffa6c7e0000 - 0x00007ffa6d428000 	D:\STS\sts-4.15.1.RELEASE\plugins\org.eclipse.justj.openjdk.hotspot.jre.full.win32.x86_64_17.0.3.v20220515-1416\jre\bin\server\jvm.dll
0x00007ffae3c00000 - 0x00007ffae3cae000 	C:\WINDOWS\System32\ADVAPI32.dll
0x00007ffae3ae0000 - 0x00007ffae3b7c000 	C:\WINDOWS\System32\sechost.dll
0x00007ffae42a0000 - 0x00007ffae43c5000 	C:\WINDOWS\System32\RPCRT4.dll
0x00007ffae2c20000 - 0x00007ffae2c28000 	C:\WINDOWS\System32\PSAPI.DLL
0x00007ffaddce0000 - 0x00007ffaddce9000 	C:\WINDOWS\SYSTEM32\WSOCK32.dll
0x00007ffae2c30000 - 0x00007ffae2c9b000 	C:\WINDOWS\System32\WS2_32.dll
0x00007ffad3110000 - 0x00007ffad3137000 	C:\WINDOWS\SYSTEM32\WINMM.dll
0x00007ffadb3f0000 - 0x00007ffadb3fa000 	C:\WINDOWS\SYSTEM32\VERSION.dll
0x00007ffadff60000 - 0x00007ffadff72000 	C:\WINDOWS\SYSTEM32\kernel.appcore.dll
0x00007ffadb150000 - 0x00007ffadb15a000 	D:\STS\sts-4.15.1.RELEASE\plugins\org.eclipse.justj.openjdk.hotspot.jre.full.win32.x86_64_17.0.3.v20220515-1416\jre\bin\jimage.dll
0x00007ffac8750000 - 0x00007ffac8934000 	C:\WINDOWS\SYSTEM32\DBGHELP.DLL
0x00007ffac8160000 - 0x00007ffac818c000 	C:\WINDOWS\SYSTEM32\dbgcore.DLL
0x00007ffae2850000 - 0x00007ffae28d2000 	C:\WINDOWS\System32\bcryptPrimitives.dll
0x00007ffad5370000 - 0x00007ffad5395000 	D:\STS\sts-4.15.1.RELEASE\plugins\org.eclipse.justj.openjdk.hotspot.jre.full.win32.x86_64_17.0.3.v20220515-1416\jre\bin\java.dll
0x00007ffada8d0000 - 0x00007ffada8e8000 	D:\STS\sts-4.15.1.RELEASE\plugins\org.eclipse.justj.openjdk.hotspot.jre.full.win32.x86_64_17.0.3.v20220515-1416\jre\bin\zip.dll
0x00007ffae2cb0000 - 0x00007ffae33f3000 	C:\WINDOWS\System32\SHELL32.dll
0x00007ffae0160000 - 0x00007ffae08f5000 	C:\WINDOWS\SYSTEM32\windows.storage.dll
0x00007ffae3710000 - 0x00007ffae3a64000 	C:\WINDOWS\System32\combase.dll
0x00007ffae1a00000 - 0x00007ffae1a30000 	C:\WINDOWS\SYSTEM32\Wldp.dll
0x00007ffae34c0000 - 0x00007ffae356d000 	C:\WINDOWS\System32\SHCORE.dll
0x00007ffae3a80000 - 0x00007ffae3ad5000 	C:\WINDOWS\System32\shlwapi.dll
0x00007ffae1fb0000 - 0x00007ffae1fcf000 	C:\WINDOWS\SYSTEM32\profapi.dll
0x00007ffad5490000 - 0x00007ffad54a9000 	D:\STS\sts-4.15.1.RELEASE\plugins\org.eclipse.justj.openjdk.hotspot.jre.full.win32.x86_64_17.0.3.v20220515-1416\jre\bin\net.dll
0x00007ffacc290000 - 0x00007ffacc39a000 	C:\WINDOWS\SYSTEM32\WINHTTP.dll
0x00007ffae1760000 - 0x00007ffae17ca000 	C:\WINDOWS\system32\mswsock.dll
0x00007ffad4e20000 - 0x00007ffad4e35000 	D:\STS\sts-4.15.1.RELEASE\plugins\org.eclipse.justj.openjdk.hotspot.jre.full.win32.x86_64_17.0.3.v20220515-1416\jre\bin\nio.dll
0x00007ffae1490000 - 0x00007ffae155a000 	C:\WINDOWS\SYSTEM32\DNSAPI.dll
0x00007ffae1450000 - 0x00007ffae148b000 	C:\WINDOWS\SYSTEM32\IPHLPAPI.DLL
0x00007ffae2ca0000 - 0x00007ffae2ca8000 	C:\WINDOWS\System32\NSI.dll
0x00007ffada760000 - 0x00007ffada76a000 	C:\Windows\System32\rasadhlp.dll
0x00007ffacc210000 - 0x00007ffacc290000 	C:\WINDOWS\System32\fwpuclnt.dll
0x00007ffae21d0000 - 0x00007ffae21f7000 	C:\WINDOWS\System32\bcrypt.dll
0x00007ffad5420000 - 0x00007ffad542e000 	D:\STS\sts-4.15.1.RELEASE\plugins\org.eclipse.justj.openjdk.hotspot.jre.full.win32.x86_64_17.0.3.v20220515-1416\jre\bin\sunmscapi.dll
0x00007ffae25f0000 - 0x00007ffae2746000 	C:\WINDOWS\System32\CRYPT32.dll
0x00007ffae1a70000 - 0x00007ffae1a97000 	C:\WINDOWS\SYSTEM32\ncrypt.dll
0x00007ffae1a30000 - 0x00007ffae1a6b000 	C:\WINDOWS\SYSTEM32\NTASN1.dll
0x00007ffae1950000 - 0x00007ffae1968000 	C:\WINDOWS\SYSTEM32\CRYPTSP.dll
0x00007ffae10e0000 - 0x00007ffae1114000 	C:\WINDOWS\system32\rsaenh.dll
0x00007ffae1f70000 - 0x00007ffae1f9e000 	C:\WINDOWS\SYSTEM32\USERENV.dll
0x00007ffae1970000 - 0x00007ffae197c000 	C:\WINDOWS\SYSTEM32\CRYPTBASE.dll
0x00007ffada860000 - 0x00007ffada877000 	C:\WINDOWS\SYSTEM32\dhcpcsvc6.DLL
0x00007ffadaae0000 - 0x00007ffadaafd000 	C:\WINDOWS\SYSTEM32\dhcpcsvc.DLL

dbghelp: loaded successfully - version: 4.0.5 - missing functions: none
symbol engine: initialized successfully - sym options: 0x614 - pdb path: .;D:\STS\sts-4.15.1.RELEASE\plugins\org.eclipse.justj.openjdk.hotspot.jre.full.win32.x86_64_17.0.3.v20220515-1416\jre\bin;C:\WINDOWS\SYSTEM32;C:\WINDOWS\WinSxS\amd64_microsoft.windows.common-controls_6595b64144ccf1df_6.0.19041.1110_none_60b5254171f9507e;D:\STS\sts-4.15.1.RELEASE\plugins\org.eclipse.justj.openjdk.hotspot.jre.full.win32.x86_64_17.0.3.v20220515-1416\jre\bin\server

VM Arguments:
jvm_args: -Dfile.encoding=UTF-8 -XX:+ShowCodeDetailsInExceptionMessages 
java_command: com.masai.main.Login
java_class_path (initial): C:\Users\HP\Desktop\SB101 Assignment\Assignment\Tender Management System\bin;D:\Downlod\mysql-connector-java-8.0.30.jar
Launcher Type: SUN_STANDARD

[Global flags]
     intx CICompilerCount                          = 3                                         {product} {ergonomic}
     uint ConcGCThreads                            = 1                                         {product} {ergonomic}
     uint G1ConcRefinementThreads                  = 4                                         {product} {ergonomic}
   size_t G1HeapRegionSize                         = 1048576                                   {product} {ergonomic}
    uintx GCDrainStackTargetSize                   = 64                                        {product} {ergonomic}
   size_t InitialHeapSize                          = 100663296                                 {product} {ergonomic}
   size_t MarkStackSize                            = 4194304                                   {product} {ergonomic}
   size_t MaxHeapSize                              = 1598029824                                {product} {ergonomic}
   size_t MaxNewSize                               = 958398464                                 {product} {ergonomic}
   size_t MinHeapDeltaBytes                        = 1048576                                   {product} {ergonomic}
   size_t MinHeapSize                              = 8388608                                   {product} {ergonomic}
    uintx NonNMethodCodeHeapSize                   = 5832780                                {pd product} {ergonomic}
    uintx NonProfiledCodeHeapSize                  = 122912730                              {pd product} {ergonomic}
    uintx ProfiledCodeHeapSize                     = 122912730                              {pd product} {ergonomic}
    uintx ReservedCodeCacheSize                    = 251658240                              {pd product} {ergonomic}
     bool SegmentedCodeCache                       = true                                      {product} {ergonomic}
     bool ShowCodeDetailsInExceptionMessages       = true                                   {manageable} {command line}
   size_t SoftMaxHeapSize                          = 1598029824                             {manageable} {ergonomic}
     bool UseCompressedClassPointers               = true                           {product lp64_product} {ergonomic}
     bool UseCompressedOops                        = true                           {product lp64_product} {ergonomic}
     bool UseG1GC                                  = true                                      {product} {ergonomic}
     bool UseLargePagesIndividualAllocation        = false                                  {pd product} {ergonomic}

Logging:
Log output configuration:
 #0: stdout all=warning uptime,level,tags
 #1: stderr all=off uptime,level,tags

Environment Variables:
PATH=D:/STS/sts-4.15.1.RELEASE//plugins/org.eclipse.justj.openjdk.hotspot.jre.full.win32.x86_64_17.0.3.v20220515-1416/jre/bin/server;D:/STS/sts-4.15.1.RELEASE//plugins/org.eclipse.justj.openjdk.hotspot.jre.full.win32.x86_64_17.0.3.v20220515-1416/jre/bin;C:\Program Files\Common Files\Oracle\Java\javapath;C:\Program Files (x86)\NVIDIA Corporation\PhysX\Common;C:\WINDOWS\system32;C:\WINDOWS;C:\WINDOWS\System32\Wbem;C:\WINDOWS\System32\WindowsPowerShell\v1.0\;C:\WINDOWS\System32\OpenSSH\;C:\Program Files\Common Files\Autodesk Shared\;C:\Program Files (x86)\Autodesk\Backburner\;C:\Program Files (x86)\dotnet\;C:\Program Files\Git\cmd;C:\Program Files\nodejs\;C:\ProgramData\chocolatey\bin;C:\Users\HP\AppData\Local\Microsoft\WindowsApps;C:\MinGW\bin;C:\Users\HP\AppData\Local\Programs\Microsoft VS Code\bin;C:\Users\HP\AppData\Roaming\npm;C:\Users\HP\AppData\Local\GitHubDesktop\bin;D:\STS\sts-4.15.1.RELEASE;
USERNAME=HP
OS=Windows_NT
PROCESSOR_IDENTIFIER=AMD64 Family 23 Model 24 Stepping 1, AuthenticAMD



---------------  S Y S T E M  ---------------

OS:
 Windows 10 , 64 bit Build 19041 (10.0.19041.1889)
OS uptime: 7 days 17:23 hours

CPU: total 4 (initial active 4) (4 cores per cpu, 1 threads per core) family 23 model 24 stepping 1 microcode 0x0, cx8, cmov, fxsr, mmx, 3dnowpref, sse, sse2, sse3, ssse3, sse4a, sse4.1, sse4.2, popcnt, lzcnt, tsc, tscinvbit, avx, avx2, aes, clmul, bmi1, bmi2, adx, sha, fma, vzeroupper, clflush, clflushopt

Memory: 4k page, system-wide physical 6090M (496M free)
TotalPageFile size 16330M (AvailPageFile size 3M)
current process WorkingSet (physical memory assigned to process): 14M, peak: 80M
current process commit charge ("private bytes"): 185M, peak: 192M

vm_info: OpenJDK 64-Bit Server VM (17.0.3+7) for windows-amd64 JRE (17.0.3+7), built on Apr 19 2022 16:55:35 by "" with MS VC++ 16.7 (VS2019)

END.
