#
# There is insufficient memory for the Java Runtime Environment to continue.
# Native memory allocation (malloc) failed to allocate 664016 bytes for Chunk::new
# Possible reasons:
#   The system is out of physical RAM or swap space
#   The process is running with CompressedOops enabled, and the Java Heap may be blocking the growth of the native heap
# Possible solutions:
#   Reduce memory load on the system
#   Increase physical memory or swap space
#   Check if swap backing store is full
#   Decrease Java heap size (-Xmx/-Xms)
#   Decrease number of Java threads
#   Decrease Java thread stack sizes (-Xss)
#   Set larger code cache with -XX:ReservedCodeCacheSize=
#   JVM is running with Unscaled Compressed Oops mode in which the Java heap is
#     placed in the first 4GB address space. The Java Heap base address is the
#     maximum limit for the native heap growth. Please use -XX:HeapBaseMinAddress
#     to set the Java Heap base and to place the Java Heap above 4GB virtual address.
# This output file may be truncated or incomplete.
#
#  Out of Memory Error (arena.cpp:189), pid=12284, tid=16352
#
# JRE version: OpenJDK Runtime Environment Temurin-17.0.3+7 (17.0.3+7) (build 17.0.3+7)
# Java VM: OpenJDK 64-Bit Server VM Temurin-17.0.3+7 (17.0.3+7, mixed mode, tiered, compressed oops, compressed class ptrs, g1 gc, windows-amd64)
# No core dump will be written. Minidumps are not enabled by default on client versions of Windows
#

---------------  S U M M A R Y ------------

Command Line: -Dfile.encoding=UTF-8 -XX:+ShowCodeDetailsInExceptionMessages com.masai.main.Login

Host: AMD Ryzen 3 3300U with Radeon Vega Mobile Gfx  , 4 cores, 5G,  Windows 10 , 64 bit Build 19041 (10.0.19041.1889)
Time: Fri Sep 30 20:49:46 2022 India Standard Time elapsed time: 65613.664557 seconds (0d 18h 13m 33s)

---------------  T H R E A D  ---------------

Current thread (0x000002a418fa6ac0):  JavaThread "C2 CompilerThread0" daemon [_thread_in_native, id=16352, stack(0x000000f7e9900000,0x000000f7e9a00000)]


Current CompileTask:
C2:65613664  266       4       java.util.Properties::saveConvert (383 bytes)

Stack: [0x000000f7e9900000,0x000000f7e9a00000]
Native frames: (J=compiled Java code, j=interpreted, Vv=VM code, C=native code)
V  [jvm.dll+0x675efa]
V  [jvm.dll+0x830a24]
V  [jvm.dll+0x8321ce]
V  [jvm.dll+0x832833]
V  [jvm.dll+0x2454b5]
V  [jvm.dll+0xabd7b]
V  [jvm.dll+0xac30c]
V  [jvm.dll+0x3635d2]
V  [jvm.dll+0x32dca1]
V  [jvm.dll+0x32d14a]
V  [jvm.dll+0x218361]
V  [jvm.dll+0x217781]
V  [jvm.dll+0x1a3ccd]
V  [jvm.dll+0x227178]
V  [jvm.dll+0x2252bc]
V  [jvm.dll+0x7e673b]
V  [jvm.dll+0x7e0cfa]
V  [jvm.dll+0x674d85]
C  [ucrtbase.dll+0x21bb2]
C  [KERNEL32.DLL+0x17034]
C  [ntdll.dll+0x526a1]


---------------  P R O C E S S  ---------------

Threads class SMR info:
_java_thread_list=0x000002a419d34a90, length=12, elements={
0x000002a47ebfbb40, 0x000002a418f82ca0, 0x000002a418f85f30, 0x000002a418fcbf90,
0x000002a418fce960, 0x000002a418fcf310, 0x000002a418fd1ce0, 0x000002a418fa6ac0,
0x000002a418fa3a10, 0x000002a418fa4310, 0x000002a419d4f9b0, 0x000002a419d6c430
}

Java Threads: ( => current thread )
  0x000002a47ebfbb40 JavaThread "main" [_thread_in_native, id=9496, stack(0x000000f7e8c00000,0x000000f7e8d00000)]
  0x000002a418f82ca0 JavaThread "Reference Handler" daemon [_thread_blocked, id=21068, stack(0x000000f7e9300000,0x000000f7e9400000)]
  0x000002a418f85f30 JavaThread "Finalizer" daemon [_thread_blocked, id=5180, stack(0x000000f7e9400000,0x000000f7e9500000)]
  0x000002a418fcbf90 JavaThread "Signal Dispatcher" daemon [_thread_blocked, id=1524, stack(0x000000f7e9500000,0x000000f7e9600000)]
  0x000002a418fce960 JavaThread "Attach Listener" daemon [_thread_blocked, id=7664, stack(0x000000f7e9600000,0x000000f7e9700000)]
  0x000002a418fcf310 JavaThread "Service Thread" daemon [_thread_blocked, id=14432, stack(0x000000f7e9700000,0x000000f7e9800000)]
  0x000002a418fd1ce0 JavaThread "Monitor Deflation Thread" daemon [_thread_blocked, id=27916, stack(0x000000f7e9800000,0x000000f7e9900000)]
=>0x000002a418fa6ac0 JavaThread "C2 CompilerThread0" daemon [_thread_in_native, id=16352, stack(0x000000f7e9900000,0x000000f7e9a00000)]
  0x000002a418fa3a10 JavaThread "C1 CompilerThread0" daemon [_thread_blocked, id=12096, stack(0x000000f7e9a00000,0x000000f7e9b00000)]
  0x000002a418fa4310 JavaThread "Sweeper thread" daemon [_thread_blocked, id=13828, stack(0x000000f7e9b00000,0x000000f7e9c00000)]
  0x000002a419d4f9b0 JavaThread "Notification Thread" daemon [_thread_blocked, id=3540, stack(0x000000f7e9c00000,0x000000f7e9d00000)]
  0x000002a419d6c430 JavaThread "Common-Cleaner" daemon [_thread_blocked, id=25512, stack(0x000000f7e9e00000,0x000000f7e9f00000)]

Other Threads:
  0x000002a418f394f0 VMThread "VM Thread" [stack: 0x000000f7e9200000,0x000000f7e9300000] [id=2940]
  0x000002a419d51e90 WatcherThread [stack: 0x000000f7e9d00000,0x000000f7e9e00000] [id=28136]
  0x000002a47ec48810 GCTaskThread "GC Thread#0" [stack: 0x000000f7e8d00000,0x000000f7e8e00000] [id=20596]
  0x000002a47ec555d0 ConcurrentGCThread "G1 Main Marker" [stack: 0x000000f7e8e00000,0x000000f7e8f00000] [id=2488]
  0x000002a47ec56780 ConcurrentGCThread "G1 Conc#0" [stack: 0x000000f7e8f00000,0x000000f7e9000000] [id=27860]
  0x000002a47ecb7f60 ConcurrentGCThread "G1 Refine#0" [stack: 0x000000f7e9000000,0x000000f7e9100000] [id=10260]
  0x000002a47ecb8980 ConcurrentGCThread "G1 Service" [stack: 0x000000f7e9100000,0x000000f7e9200000] [id=22176]

Threads with active compile tasks:
C2 CompilerThread0  65613729  266       4       java.util.Properties::saveConvert (383 bytes)

VM state: not at safepoint (normal execution)

VM Mutex/Monitor currently owned by a thread: None

Heap address: 0x00000000a0c00000, size: 1524 MB, Compressed Oops mode: 32-bit

CDS archive(s) not mapped
Compressed class space mapped at: 0x0000000100000000-0x0000000140000000, reserved size: 1073741824
Narrow klass base: 0x0000000000000000, Narrow klass shift: 3, Narrow klass range: 0x140000000

GC Precious Log:
 CPUs: 4 total, 4 available
 Memory: 6090M
 Large Page Support: Disabled
 NUMA Support: Disabled
 Compressed Oops: Enabled (32-bit)
 Heap Region Size: 1M
 Heap Min Capacity: 8M
 Heap Initial Capacity: 96M
 Heap Max Capacity: 1524M
 Pre-touch: Disabled
 Parallel Workers: 4
 Concurrent Workers: 1
 Concurrent Refinement Workers: 4
 Periodic GC: Disabled

Heap:
 garbage-first heap   total 98304K, used 3072K [0x00000000a0c00000, 0x0000000100000000)
  region size 1024K, 4 young (4096K), 0 survivors (0K)
 Metaspace       used 6943K, committed 7104K, reserved 1056768K
  class space    used 585K, committed 704K, reserved 1048576K

Heap Regions: E=young(eden), S=young(survivor), O=old, HS=humongous(starts), HC=humongous(continues), CS=collection set, F=free, OA=open archive, CA=closed archive, TAMS=top-at-mark-start (previous, next)
|   0|0x00000000a0c00000, 0x00000000a0c00000, 0x00000000a0d00000|  0%| F|  |TAMS 0x00000000a0c00000, 0x00000000a0c00000| Untracked 
|   1|0x00000000a0d00000, 0x00000000a0d00000, 0x00000000a0e00000|  0%| F|  |TAMS 0x00000000a0d00000, 0x00000000a0d00000| Untracked 
|   2|0x00000000a0e00000, 0x00000000a0e00000, 0x00000000a0f00000|  0%| F|  |TAMS 0x00000000a0e00000, 0x00000000a0e00000| Untracked 
|   3|0x00000000a0f00000, 0x00000000a0f00000, 0x00000000a1000000|  0%| F|  |TAMS 0x00000000a0f00000, 0x00000000a0f00000| Untracked 
|   4|0x00000000a1000000, 0x00000000a1000000, 0x00000000a1100000|  0%| F|  |TAMS 0x00000000a1000000, 0x00000000a1000000| Untracked 
|   5|0x00000000a1100000, 0x00000000a1100000, 0x00000000a1200000|  0%| F|  |TAMS 0x00000000a1100000, 0x00000000a1100000| Untracked 
|   6|0x00000000a1200000, 0x00000000a1200000, 0x00000000a1300000|  0%| F|  |TAMS 0x00000000a1200000, 0x00000000a1200000| Untracked 
|   7|0x00000000a1300000, 0x00000000a1300000, 0x00000000a1400000|  0%| F|  |TAMS 0x00000000a1300000, 0x00000000a1300000| Untracked 
|   8|0x00000000a1400000, 0x00000000a1400000, 0x00000000a1500000|  0%| F|  |TAMS 0x00000000a1400000, 0x00000000a1400000| Untracked 
|   9|0x00000000a1500000, 0x00000000a1500000, 0x00000000a1600000|  0%| F|  |TAMS 0x00000000a1500000, 0x00000000a1500000| Untracked 
|  10|0x00000000a1600000, 0x00000000a1600000, 0x00000000a1700000|  0%| F|  |TAMS 0x00000000a1600000, 0x00000000a1600000| Untracked 
|  11|0x00000000a1700000, 0x00000000a1700000, 0x00000000a1800000|  0%| F|  |TAMS 0x00000000a1700000, 0x00000000a1700000| Untracked 
|  12|0x00000000a1800000, 0x00000000a1800000, 0x00000000a1900000|  0%| F|  |TAMS 0x00000000a1800000, 0x00000000a1800000| Untracked 
|  13|0x00000000a1900000, 0x00000000a1900000, 0x00000000a1a00000|  0%| F|  |TAMS 0x00000000a1900000, 0x00000000a1900000| Untracked 
|  14|0x00000000a1a00000, 0x00000000a1a00000, 0x00000000a1b00000|  0%| F|  |TAMS 0x00000000a1a00000, 0x00000000a1a00000| Untracked 
|  15|0x00000000a1b00000, 0x00000000a1b00000, 0x00000000a1c00000|  0%| F|  |TAMS 0x00000000a1b00000, 0x00000000a1b00000| Untracked 
|  16|0x00000000a1c00000, 0x00000000a1c00000, 0x00000000a1d00000|  0%| F|  |TAMS 0x00000000a1c00000, 0x00000000a1c00000| Untracked 
|  17|0x00000000a1d00000, 0x00000000a1d00000, 0x00000000a1e00000|  0%| F|  |TAMS 0x00000000a1d00000, 0x00000000a1d00000| Untracked 
|  18|0x00000000a1e00000, 0x00000000a1e00000, 0x00000000a1f00000|  0%| F|  |TAMS 0x00000000a1e00000, 0x00000000a1e00000| Untracked 
|  19|0x00000000a1f00000, 0x00000000a1f00000, 0x00000000a2000000|  0%| F|  |TAMS 0x00000000a1f00000, 0x00000000a1f00000| Untracked 
|  20|0x00000000a2000000, 0x00000000a2000000, 0x00000000a2100000|  0%| F|  |TAMS 0x00000000a2000000, 0x00000000a2000000| Untracked 
|  21|0x00000000a2100000, 0x00000000a2100000, 0x00000000a2200000|  0%| F|  |TAMS 0x00000000a2100000, 0x00000000a2100000| Untracked 
|  22|0x00000000a2200000, 0x00000000a2200000, 0x00000000a2300000|  0%| F|  |TAMS 0x00000000a2200000, 0x00000000a2200000| Untracked 
|  23|0x00000000a2300000, 0x00000000a2300000, 0x00000000a2400000|  0%| F|  |TAMS 0x00000000a2300000, 0x00000000a2300000| Untracked 
|  24|0x00000000a2400000, 0x00000000a2400000, 0x00000000a2500000|  0%| F|  |TAMS 0x00000000a2400000, 0x00000000a2400000| Untracked 
|  25|0x00000000a2500000, 0x00000000a2500000, 0x00000000a2600000|  0%| F|  |TAMS 0x00000000a2500000, 0x00000000a2500000| Untracked 
|  26|0x00000000a2600000, 0x00000000a2600000, 0x00000000a2700000|  0%| F|  |TAMS 0x00000000a2600000, 0x00000000a2600000| Untracked 
|  27|0x00000000a2700000, 0x00000000a2700000, 0x00000000a2800000|  0%| F|  |TAMS 0x00000000a2700000, 0x00000000a2700000| Untracked 
|  28|0x00000000a2800000, 0x00000000a2800000, 0x00000000a2900000|  0%| F|  |TAMS 0x00000000a2800000, 0x00000000a2800000| Untracked 
|  29|0x00000000a2900000, 0x00000000a2900000, 0x00000000a2a00000|  0%| F|  |TAMS 0x00000000a2900000, 0x00000000a2900000| Untracked 
|  30|0x00000000a2a00000, 0x00000000a2a00000, 0x00000000a2b00000|  0%| F|  |TAMS 0x00000000a2a00000, 0x00000000a2a00000| Untracked 
|  31|0x00000000a2b00000, 0x00000000a2b00000, 0x00000000a2c00000|  0%| F|  |TAMS 0x00000000a2b00000, 0x00000000a2b00000| Untracked 
|  32|0x00000000a2c00000, 0x00000000a2c00000, 0x00000000a2d00000|  0%| F|  |TAMS 0x00000000a2c00000, 0x00000000a2c00000| Untracked 
|  33|0x00000000a2d00000, 0x00000000a2d00000, 0x00000000a2e00000|  0%| F|  |TAMS 0x00000000a2d00000, 0x00000000a2d00000| Untracked 
|  34|0x00000000a2e00000, 0x00000000a2e00000, 0x00000000a2f00000|  0%| F|  |TAMS 0x00000000a2e00000, 0x00000000a2e00000| Untracked 
|  35|0x00000000a2f00000, 0x00000000a2f00000, 0x00000000a3000000|  0%| F|  |TAMS 0x00000000a2f00000, 0x00000000a2f00000| Untracked 
|  36|0x00000000a3000000, 0x00000000a3000000, 0x00000000a3100000|  0%| F|  |TAMS 0x00000000a3000000, 0x00000000a3000000| Untracked 
|  37|0x00000000a3100000, 0x00000000a3100000, 0x00000000a3200000|  0%| F|  |TAMS 0x00000000a3100000, 0x00000000a3100000| Untracked 
|  38|0x00000000a3200000, 0x00000000a3200000, 0x00000000a3300000|  0%| F|  |TAMS 0x00000000a3200000, 0x00000000a3200000| Untracked 
|  39|0x00000000a3300000, 0x00000000a3300000, 0x00000000a3400000|  0%| F|  |TAMS 0x00000000a3300000, 0x00000000a3300000| Untracked 
|  40|0x00000000a3400000, 0x00000000a3400000, 0x00000000a3500000|  0%| F|  |TAMS 0x00000000a3400000, 0x00000000a3400000| Untracked 
|  41|0x00000000a3500000, 0x00000000a3500000, 0x00000000a3600000|  0%| F|  |TAMS 0x00000000a3500000, 0x00000000a3500000| Untracked 
|  42|0x00000000a3600000, 0x00000000a3600000, 0x00000000a3700000|  0%| F|  |TAMS 0x00000000a3600000, 0x00000000a3600000| Untracked 
|  43|0x00000000a3700000, 0x00000000a3700000, 0x00000000a3800000|  0%| F|  |TAMS 0x00000000a3700000, 0x00000000a3700000| Untracked 
|  44|0x00000000a3800000, 0x00000000a3800000, 0x00000000a3900000|  0%| F|  |TAMS 0x00000000a3800000, 0x00000000a3800000| Untracked 
|  45|0x00000000a3900000, 0x00000000a3900000, 0x00000000a3a00000|  0%| F|  |TAMS 0x00000000a3900000, 0x00000000a3900000| Untracked 
|  46|0x00000000a3a00000, 0x00000000a3a00000, 0x00000000a3b00000|  0%| F|  |TAMS 0x00000000a3a00000, 0x00000000a3a00000| Untracked 
|  47|0x00000000a3b00000, 0x00000000a3b00000, 0x00000000a3c00000|  0%| F|  |TAMS 0x00000000a3b00000, 0x00000000a3b00000| Untracked 
|  48|0x00000000a3c00000, 0x00000000a3c00000, 0x00000000a3d00000|  0%| F|  |TAMS 0x00000000a3c00000, 0x00000000a3c00000| Untracked 
|  49|0x00000000a3d00000, 0x00000000a3d00000, 0x00000000a3e00000|  0%| F|  |TAMS 0x00000000a3d00000, 0x00000000a3d00000| Untracked 
|  50|0x00000000a3e00000, 0x00000000a3e00000, 0x00000000a3f00000|  0%| F|  |TAMS 0x00000000a3e00000, 0x00000000a3e00000| Untracked 
|  51|0x00000000a3f00000, 0x00000000a3f00000, 0x00000000a4000000|  0%| F|  |TAMS 0x00000000a3f00000, 0x00000000a3f00000| Untracked 
|  52|0x00000000a4000000, 0x00000000a4000000, 0x00000000a4100000|  0%| F|  |TAMS 0x00000000a4000000, 0x00000000a4000000| Untracked 
|  53|0x00000000a4100000, 0x00000000a4100000, 0x00000000a4200000|  0%| F|  |TAMS 0x00000000a4100000, 0x00000000a4100000| Untracked 
|  54|0x00000000a4200000, 0x00000000a4200000, 0x00000000a4300000|  0%| F|  |TAMS 0x00000000a4200000, 0x00000000a4200000| Untracked 
|  55|0x00000000a4300000, 0x00000000a4300000, 0x00000000a4400000|  0%| F|  |TAMS 0x00000000a4300000, 0x00000000a4300000| Untracked 
|  56|0x00000000a4400000, 0x00000000a4400000, 0x00000000a4500000|  0%| F|  |TAMS 0x00000000a4400000, 0x00000000a4400000| Untracked 
|  57|0x00000000a4500000, 0x00000000a4500000, 0x00000000a4600000|  0%| F|  |TAMS 0x00000000a4500000, 0x00000000a4500000| Untracked 
|  58|0x00000000a4600000, 0x00000000a4600000, 0x00000000a4700000|  0%| F|  |TAMS 0x00000000a4600000, 0x00000000a4600000| Untracked 
|  59|0x00000000a4700000, 0x00000000a4700000, 0x00000000a4800000|  0%| F|  |TAMS 0x00000000a4700000, 0x00000000a4700000| Untracked 
|  60|0x00000000a4800000, 0x00000000a4800000, 0x00000000a4900000|  0%| F|  |TAMS 0x00000000a4800000, 0x00000000a4800000| Untracked 
|  61|0x00000000a4900000, 0x00000000a4900000, 0x00000000a4a00000|  0%| F|  |TAMS 0x00000000a4900000, 0x00000000a4900000| Untracked 
|  62|0x00000000a4a00000, 0x00000000a4a00000, 0x00000000a4b00000|  0%| F|  |TAMS 0x00000000a4a00000, 0x00000000a4a00000| Untracked 
|  63|0x00000000a4b00000, 0x00000000a4b00000, 0x00000000a4c00000|  0%| F|  |TAMS 0x00000000a4b00000, 0x00000000a4b00000| Untracked 
|  64|0x00000000a4c00000, 0x00000000a4c00000, 0x00000000a4d00000|  0%| F|  |TAMS 0x00000000a4c00000, 0x00000000a4c00000| Untracked 
|  65|0x00000000a4d00000, 0x00000000a4d00000, 0x00000000a4e00000|  0%| F|  |TAMS 0x00000000a4d00000, 0x00000000a4d00000| Untracked 
|  66|0x00000000a4e00000, 0x00000000a4e00000, 0x00000000a4f00000|  0%| F|  |TAMS 0x00000000a4e00000, 0x00000000a4e00000| Untracked 
|  67|0x00000000a4f00000, 0x00000000a4f00000, 0x00000000a5000000|  0%| F|  |TAMS 0x00000000a4f00000, 0x00000000a4f00000| Untracked 
|  68|0x00000000a5000000, 0x00000000a5000000, 0x00000000a5100000|  0%| F|  |TAMS 0x00000000a5000000, 0x00000000a5000000| Untracked 
|  69|0x00000000a5100000, 0x00000000a5100000, 0x00000000a5200000|  0%| F|  |TAMS 0x00000000a5100000, 0x00000000a5100000| Untracked 
|  70|0x00000000a5200000, 0x00000000a5200000, 0x00000000a5300000|  0%| F|  |TAMS 0x00000000a5200000, 0x00000000a5200000| Untracked 
|  71|0x00000000a5300000, 0x00000000a5300000, 0x00000000a5400000|  0%| F|  |TAMS 0x00000000a5300000, 0x00000000a5300000| Untracked 
|  72|0x00000000a5400000, 0x00000000a5400000, 0x00000000a5500000|  0%| F|  |TAMS 0x00000000a5400000, 0x00000000a5400000| Untracked 
|  73|0x00000000a5500000, 0x00000000a5500000, 0x00000000a5600000|  0%| F|  |TAMS 0x00000000a5500000, 0x00000000a5500000| Untracked 
|  74|0x00000000a5600000, 0x00000000a5600000, 0x00000000a5700000|  0%| F|  |TAMS 0x00000000a5600000, 0x00000000a5600000| Untracked 
|  75|0x00000000a5700000, 0x00000000a5700000, 0x00000000a5800000|  0%| F|  |TAMS 0x00000000a5700000, 0x00000000a5700000| Untracked 
|  76|0x00000000a5800000, 0x00000000a5800000, 0x00000000a5900000|  0%| F|  |TAMS 0x00000000a5800000, 0x00000000a5800000| Untracked 
|  77|0x00000000a5900000, 0x00000000a5900000, 0x00000000a5a00000|  0%| F|  |TAMS 0x00000000a5900000, 0x00000000a5900000| Untracked 
|  78|0x00000000a5a00000, 0x00000000a5a00000, 0x00000000a5b00000|  0%| F|  |TAMS 0x00000000a5a00000, 0x00000000a5a00000| Untracked 
|  79|0x00000000a5b00000, 0x00000000a5b00000, 0x00000000a5c00000|  0%| F|  |TAMS 0x00000000a5b00000, 0x00000000a5b00000| Untracked 
|  80|0x00000000a5c00000, 0x00000000a5c00000, 0x00000000a5d00000|  0%| F|  |TAMS 0x00000000a5c00000, 0x00000000a5c00000| Untracked 
|  81|0x00000000a5d00000, 0x00000000a5d00000, 0x00000000a5e00000|  0%| F|  |TAMS 0x00000000a5d00000, 0x00000000a5d00000| Untracked 
|  82|0x00000000a5e00000, 0x00000000a5e00000, 0x00000000a5f00000|  0%| F|  |TAMS 0x00000000a5e00000, 0x00000000a5e00000| Untracked 
|  83|0x00000000a5f00000, 0x00000000a5f00000, 0x00000000a6000000|  0%| F|  |TAMS 0x00000000a5f00000, 0x00000000a5f00000| Untracked 
|  84|0x00000000a6000000, 0x00000000a6000000, 0x00000000a6100000|  0%| F|  |TAMS 0x00000000a6000000, 0x00000000a6000000| Untracked 
|  85|0x00000000a6100000, 0x00000000a6100000, 0x00000000a6200000|  0%| F|  |TAMS 0x00000000a6100000, 0x00000000a6100000| Untracked 
|  86|0x00000000a6200000, 0x00000000a6200000, 0x00000000a6300000|  0%| F|  |TAMS 0x00000000a6200000, 0x00000000a6200000| Untracked 
|  87|0x00000000a6300000, 0x00000000a6300000, 0x00000000a6400000|  0%| F|  |TAMS 0x00000000a6300000, 0x00000000a6300000| Untracked 
|  88|0x00000000a6400000, 0x00000000a6400000, 0x00000000a6500000|  0%| F|  |TAMS 0x00000000a6400000, 0x00000000a6400000| Untracked 
|  89|0x00000000a6500000, 0x00000000a6500000, 0x00000000a6600000|  0%| F|  |TAMS 0x00000000a6500000, 0x00000000a6500000| Untracked 
|  90|0x00000000a6600000, 0x00000000a6600000, 0x00000000a6700000|  0%| F|  |TAMS 0x00000000a6600000, 0x00000000a6600000| Untracked 
|  91|0x00000000a6700000, 0x00000000a6700000, 0x00000000a6800000|  0%| F|  |TAMS 0x00000000a6700000, 0x00000000a6700000| Untracked 
|  92|0x00000000a6800000, 0x00000000a68431f0, 0x00000000a6900000| 26%| E|  |TAMS 0x00000000a6800000, 0x00000000a6800000| Complete 
|  93|0x00000000a6900000, 0x00000000a6a00000, 0x00000000a6a00000|100%| E|CS|TAMS 0x00000000a6900000, 0x00000000a6900000| Complete 
|  94|0x00000000a6a00000, 0x00000000a6b00000, 0x00000000a6b00000|100%| E|CS|TAMS 0x00000000a6a00000, 0x00000000a6a00000| Complete 
|  95|0x00000000a6b00000, 0x00000000a6c00000, 0x00000000a6c00000|100%| E|CS|TAMS 0x00000000a6b00000, 0x00000000a6b00000| Complete 

Card table byte_map: [0x000002a47f9f0000,0x000002a47fcf0000] _byte_map_base: 0x000002a47f4ea000

Marking Bits (Prev, Next): (CMBitMap*) 0x000002a47ec48e20, (CMBitMap*) 0x000002a47ec48e60
 Prev Bits: [0x000002a4139f0000, 0x000002a4151c0000)
 Next Bits: [0x000002a4151c0000, 0x000002a416990000)

Polling page: 0x000002a47ece0000

Metaspace:

Usage:
  Non-class:      6.21 MB used.
      Class:    585.73 KB used.
       Both:      6.78 MB used.

Virtual space:
  Non-class space:        8.00 MB reserved,       6.25 MB ( 78%) committed,  1 nodes.
      Class space:        1.00 GB reserved,     704.00 KB ( <1%) committed,  1 nodes.
             Both:        1.01 GB reserved,       6.94 MB ( <1%) committed. 

Chunk freelists:
   Non-Class:  1.00 MB
       Class:  3.25 MB
        Both:  4.25 MB

MaxMetaspaceSize: unlimited
CompressedClassSpaceSize: 1.00 GB
Initial GC threshold: 21.00 MB
Current GC threshold: 21.00 MB
CDS: off
MetaspaceReclaimPolicy: balanced
 - commit_granule_bytes: 65536.
 - commit_granule_words: 8192.
 - virtual_space_node_default_size: 1048576.
 - enlarge_chunks_in_place: 1.
 - new_chunks_are_fully_committed: 0.
 - uncommit_free_chunks: 1.
 - use_allocation_guard: 0.
 - handle_deallocations: 1.


Internal statistics:

num_allocs_failed_limit: 0.
num_arena_births: 8.
num_arena_deaths: 0.
num_vsnodes_births: 2.
num_vsnodes_deaths: 0.
num_space_committed: 111.
num_space_uncommitted: 0.
num_chunks_returned_to_freelist: 0.
num_chunks_taken_from_freelist: 28.
num_chunk_merges: 0.
num_chunk_splits: 9.
num_chunks_enlarged: 5.
num_purges: 0.
num_inconsistent_stats: 0.

CodeHeap 'non-profiled nmethods': size=120000Kb used=80Kb max_used=80Kb free=119919Kb
 bounds [0x000002a40c4c0000, 0x000002a40c730000, 0x000002a4139f0000]
CodeHeap 'profiled nmethods': size=120000Kb used=340Kb max_used=340Kb free=119659Kb
 bounds [0x000002a404f90000, 0x000002a405200000, 0x000002a40c4c0000]
CodeHeap 'non-nmethods': size=5760Kb used=1102Kb max_used=1120Kb free=4657Kb
 bounds [0x000002a4049f0000, 0x000002a404c60000, 0x000002a404f90000]
 total_blobs=642 nmethods=265 adapters=290
 compilation: enabled
              stopped_count=0, restarted_count=0
 full_count=0

Compilation events (20 events):
Event: 47748.000 Thread 0x000002a418fa3a10 nmethod 256 0x000002a404fe2e10 code [0x000002a404fe3020, 0x000002a404fe37b8]
Event: 47807.982 Thread 0x000002a418fa3a10  257   !   3       jdk.internal.ref.PhantomCleanable::isListEmpty (34 bytes)
Event: 47807.986 Thread 0x000002a418fa3a10 nmethod 257 0x000002a404fe3b10 code [0x000002a404fe3ca0, 0x000002a404fe3ef8]
Event: 47807.986 Thread 0x000002a418fa3a10  258       3       jdk.internal.misc.InnocuousThread::eraseThreadLocals (23 bytes)
Event: 47807.990 Thread 0x000002a418fa3a10 nmethod 258 0x000002a404fe4010 code [0x000002a404fe41a0, 0x000002a404fe4398]
Event: 65606.227 Thread 0x000002a418fa6ac0  259       4       java.util.concurrent.ConcurrentHashMap::tabAt (22 bytes)
Event: 65606.327 Thread 0x000002a418fa6ac0 nmethod 259 0x000002a40c4d1f90 code [0x000002a40c4d2100, 0x000002a40c4d2158]
Event: 65606.327 Thread 0x000002a418fa6ac0  260       4       java.util.HashMap::putVal (300 bytes)
Event: 65606.583 Thread 0x000002a418fa6ac0 nmethod 260 0x000002a40c4d2290 code [0x000002a40c4d2480, 0x000002a40c4d3438]
Event: 65606.583 Thread 0x000002a418fa6ac0  261       4       jdk.internal.misc.Unsafe::putReferenceRelease (9 bytes)
Event: 65606.592 Thread 0x000002a418fa6ac0 nmethod 261 0x000002a40c4d3990 code [0x000002a40c4d3b00, 0x000002a40c4d3c38]
Event: 65606.975 Thread 0x000002a418fa3a10  262       3       java.util.Collections$UnmodifiableCollection$1::next (10 bytes)
Event: 65607.004 Thread 0x000002a418fa3a10 nmethod 262 0x000002a404fe4410 code [0x000002a404fe45c0, 0x000002a404fe4788]
Event: 65607.004 Thread 0x000002a418fa3a10  263       3       java.io.BufferedWriter::newLine (8 bytes)
Event: 65607.052 Thread 0x000002a418fa3a10 nmethod 263 0x000002a404fe4890 code [0x000002a404fe4a60, 0x000002a404fe4e08]
Event: 65607.052 Thread 0x000002a418fa3a10  264       3       java.lang.System::lineSeparator (4 bytes)
Event: 65607.052 Thread 0x000002a418fa3a10 nmethod 264 0x000002a404fe4f90 code [0x000002a404fe5120, 0x000002a404fe5218]
Event: 65613.370 Thread 0x000002a418fa6ac0  265       4       java.lang.StringLatin1::inflate (34 bytes)
Event: 65613.379 Thread 0x000002a418fa6ac0 nmethod 265 0x000002a40c4d3c90 code [0x000002a40c4d3e00, 0x000002a40c4d4118]
Event: 65613.542 Thread 0x000002a418fa6ac0  266       4       java.util.Properties::saveConvert (383 bytes)

GC Heap History (0 events):
No events

Deoptimization events (0 events):
No events

Classes unloaded (0 events):
No events

Classes redefined (0 events):
No events

Internal exceptions (0 events):
No events

VM Operations (6 events):
Event: 1.118 Executing VM operation: Cleanup
Event: 1.118 Executing VM operation: Cleanup done
Event: 1.664 Executing VM operation: HandshakeAllThreads
Event: 1.664 Executing VM operation: HandshakeAllThreads done
Event: 2.668 Executing VM operation: Cleanup
Event: 2.668 Executing VM operation: Cleanup done

Events (20 events):
Event: 1.658 loading class java/util/Collections$EmptyEnumeration
Event: 1.658 loading class java/util/Collections$EmptyEnumeration done
Event: 1.659 loading class sun/util/resources/cldr/TimeZoneNames
Event: 1.659 loading class sun/util/resources/TimeZoneNamesBundle
Event: 1.659 loading class sun/util/resources/OpenListResourceBundle
Event: 1.659 loading class sun/util/resources/OpenListResourceBundle done
Event: 1.659 loading class sun/util/resources/TimeZoneNamesBundle done
Event: 1.659 loading class sun/util/resources/cldr/TimeZoneNames done
Event: 1.660 loading class sun/util/resources/cldr/TimeZoneNames_en
Event: 1.661 loading class sun/util/resources/cldr/TimeZoneNames_en done
Event: 1.661 loading class sun/util/resources/cldr/TimeZoneNames_en_US
Event: 1.661 loading class sun/util/resources/cldr/TimeZoneNames_en_US done
Event: 1.663 loading class java/util/LinkedHashMap
Event: 1.664 loading class java/util/LinkedHashMap done
Event: 1.665 loading class java/util/LinkedHashMap$LinkedKeySet
Event: 1.665 loading class java/util/LinkedHashMap$LinkedKeySet done
Event: 1.665 loading class sun/util/resources/TimeZoneNames
Event: 1.667 loading class sun/util/resources/TimeZoneNames done
Event: 1.667 loading class sun/util/resources/TimeZoneNames_en
Event: 1.667 loading class sun/util/resources/TimeZoneNames_en done


Dynamic libraries:
0x00007ff62fd60000 - 0x00007ff62fd6e000 	D:\STS\sts-4.15.1.RELEASE\plugins\org.eclipse.justj.openjdk.hotspot.jre.full.win32.x86_64_17.0.3.v20220515-1416\jre\bin\javaw.exe
0x00007ffae4950000 - 0x00007ffae4b48000 	C:\WINDOWS\SYSTEM32\ntdll.dll
0x00007ffae3570000 - 0x00007ffae362d000 	C:\WINDOWS\System32\KERNEL32.DLL
0x00007ffae2200000 - 0x00007ffae24ce000 	C:\WINDOWS\System32\KERNELBASE.dll
0x00007ffae2750000 - 0x00007ffae2850000 	C:\WINDOWS\System32\ucrtbase.dll
0x00007ffad4d70000 - 0x00007ffad4d88000 	D:\STS\sts-4.15.1.RELEASE\plugins\org.eclipse.justj.openjdk.hotspot.jre.full.win32.x86_64_17.0.3.v20220515-1416\jre\bin\jli.dll
0x00007ffacc6b0000 - 0x00007ffacc6c9000 	D:\STS\sts-4.15.1.RELEASE\plugins\org.eclipse.justj.openjdk.hotspot.jre.full.win32.x86_64_17.0.3.v20220515-1416\jre\bin\VCRUNTIME140.dll
0x00007ffae2a80000 - 0x00007ffae2c20000 	C:\WINDOWS\System32\USER32.dll
0x00007ffae28e0000 - 0x00007ffae2902000 	C:\WINDOWS\System32\win32u.dll
0x00007ffad4f30000 - 0x00007ffad51ca000 	C:\WINDOWS\WinSxS\amd64_microsoft.windows.common-controls_6595b64144ccf1df_6.0.19041.1110_none_60b5254171f9507e\COMCTL32.dll
0x00007ffae3400000 - 0x00007ffae342a000 	C:\WINDOWS\System32\GDI32.dll
0x00007ffae4870000 - 0x00007ffae490e000 	C:\WINDOWS\System32\msvcrt.dll
0x00007ffae20c0000 - 0x00007ffae21cb000 	C:\WINDOWS\System32\gdi32full.dll
0x00007ffae2910000 - 0x00007ffae29ad000 	C:\WINDOWS\System32\msvcp_win.dll
0x00007ffae4840000 - 0x00007ffae4870000 	C:\WINDOWS\System32\IMM32.DLL
0x00007ffaddd00000 - 0x00007ffaddd0c000 	D:\STS\sts-4.15.1.RELEASE\plugins\org.eclipse.justj.openjdk.hotspot.jre.full.win32.x86_64_17.0.3.v20220515-1416\jre\bin\vcruntime140_1.dll
0x00007ffabbec0000 - 0x00007ffabbf51000 	D:\STS\sts-4.15.1.RELEASE\plugins\org.eclipse.justj.openjdk.hotspot.jre.full.win32.x86_64_17.0.3.v20220515-1416\jre\bin\msvcp140.dll
0x00007ffa6c7e0000 - 0x00007ffa6d428000 	D:\STS\sts-4.15.1.RELEASE\plugins\org.eclipse.justj.openjdk.hotspot.jre.full.win32.x86_64_17.0.3.v20220515-1416\jre\bin\server\jvm.dll
0x00007ffae3c00000 - 0x00007ffae3cae000 	C:\WINDOWS\System32\ADVAPI32.dll
0x00007ffae3ae0000 - 0x00007ffae3b7c000 	C:\WINDOWS\System32\sechost.dll
0x00007ffae42a0000 - 0x00007ffae43c5000 	C:\WINDOWS\System32\RPCRT4.dll
0x00007ffae2c20000 - 0x00007ffae2c28000 	C:\WINDOWS\System32\PSAPI.DLL
0x00007ffaddce0000 - 0x00007ffaddce9000 	C:\WINDOWS\SYSTEM32\WSOCK32.dll
0x00007ffad3110000 - 0x00007ffad3137000 	C:\WINDOWS\SYSTEM32\WINMM.dll
0x00007ffae2c30000 - 0x00007ffae2c9b000 	C:\WINDOWS\System32\WS2_32.dll
0x00007ffadb3f0000 - 0x00007ffadb3fa000 	C:\WINDOWS\SYSTEM32\VERSION.dll
0x00007ffadff60000 - 0x00007ffadff72000 	C:\WINDOWS\SYSTEM32\kernel.appcore.dll
0x00007ffadb150000 - 0x00007ffadb15a000 	D:\STS\sts-4.15.1.RELEASE\plugins\org.eclipse.justj.openjdk.hotspot.jre.full.win32.x86_64_17.0.3.v20220515-1416\jre\bin\jimage.dll
0x00007ffac8750000 - 0x00007ffac8934000 	C:\WINDOWS\SYSTEM32\DBGHELP.DLL
0x00007ffac8160000 - 0x00007ffac818c000 	C:\WINDOWS\SYSTEM32\dbgcore.DLL
0x00007ffae2850000 - 0x00007ffae28d2000 	C:\WINDOWS\System32\bcryptPrimitives.dll
0x00007ffad5370000 - 0x00007ffad5395000 	D:\STS\sts-4.15.1.RELEASE\plugins\org.eclipse.justj.openjdk.hotspot.jre.full.win32.x86_64_17.0.3.v20220515-1416\jre\bin\java.dll
0x00007ffada8d0000 - 0x00007ffada8e8000 	D:\STS\sts-4.15.1.RELEASE\plugins\org.eclipse.justj.openjdk.hotspot.jre.full.win32.x86_64_17.0.3.v20220515-1416\jre\bin\zip.dll
0x00007ffae2cb0000 - 0x00007ffae33f3000 	C:\WINDOWS\System32\SHELL32.dll
0x00007ffae0160000 - 0x00007ffae08f5000 	C:\WINDOWS\SYSTEM32\windows.storage.dll
0x00007ffae3710000 - 0x00007ffae3a64000 	C:\WINDOWS\System32\combase.dll
0x00007ffae1a00000 - 0x00007ffae1a30000 	C:\WINDOWS\SYSTEM32\Wldp.dll
0x00007ffae34c0000 - 0x00007ffae356d000 	C:\WINDOWS\System32\SHCORE.dll
0x00007ffae3a80000 - 0x00007ffae3ad5000 	C:\WINDOWS\System32\shlwapi.dll
0x00007ffae1fb0000 - 0x00007ffae1fcf000 	C:\WINDOWS\SYSTEM32\profapi.dll

dbghelp: loaded successfully - version: 4.0.5 - missing functions: none
symbol engine: initialized successfully - sym options: 0x614 - pdb path: .;D:\STS\sts-4.15.1.RELEASE\plugins\org.eclipse.justj.openjdk.hotspot.jre.full.win32.x86_64_17.0.3.v20220515-1416\jre\bin;C:\WINDOWS\SYSTEM32;C:\WINDOWS\WinSxS\amd64_microsoft.windows.common-controls_6595b64144ccf1df_6.0.19041.1110_none_60b5254171f9507e;D:\STS\sts-4.15.1.RELEASE\plugins\org.eclipse.justj.openjdk.hotspot.jre.full.win32.x86_64_17.0.3.v20220515-1416\jre\bin\server

VM Arguments:
jvm_args: -Dfile.encoding=UTF-8 -XX:+ShowCodeDetailsInExceptionMessages 
java_command: com.masai.main.Login
java_class_path (initial): C:\Users\HP\Desktop\SB101 Assignment\Assignment\Tender Management System\bin;D:\Downlod\mysql-connector-java-8.0.30.jar
Launcher Type: SUN_STANDARD

[Global flags]
     intx CICompilerCount                          = 3                                         {product} {ergonomic}
     uint ConcGCThreads                            = 1                                         {product} {ergonomic}
     uint G1ConcRefinementThreads                  = 4                                         {product} {ergonomic}
   size_t G1HeapRegionSize                         = 1048576                                   {product} {ergonomic}
    uintx GCDrainStackTargetSize                   = 64                                        {product} {ergonomic}
   size_t InitialHeapSize                          = 100663296                                 {product} {ergonomic}
   size_t MarkStackSize                            = 4194304                                   {product} {ergonomic}
   size_t MaxHeapSize                              = 1598029824                                {product} {ergonomic}
   size_t MaxNewSize                               = 958398464                                 {product} {ergonomic}
   size_t MinHeapDeltaBytes                        = 1048576                                   {product} {ergonomic}
   size_t MinHeapSize                              = 8388608                                   {product} {ergonomic}
    uintx NonNMethodCodeHeapSize                   = 5832780                                {pd product} {ergonomic}
    uintx NonProfiledCodeHeapSize                  = 122912730                              {pd product} {ergonomic}
    uintx ProfiledCodeHeapSize                     = 122912730                              {pd product} {ergonomic}
    uintx ReservedCodeCacheSize                    = 251658240                              {pd product} {ergonomic}
     bool SegmentedCodeCache                       = true                                      {product} {ergonomic}
     bool ShowCodeDetailsInExceptionMessages       = true                                   {manageable} {command line}
   size_t SoftMaxHeapSize                          = 1598029824                             {manageable} {ergonomic}
     bool UseCompressedClassPointers               = true                           {product lp64_product} {ergonomic}
     bool UseCompressedOops                        = true                           {product lp64_product} {ergonomic}
     bool UseG1GC                                  = true                                      {product} {ergonomic}
     bool UseLargePagesIndividualAllocation        = false                                  {pd product} {ergonomic}

Logging:
Log output configuration:
 #0: stdout all=warning uptime,level,tags
 #1: stderr all=off uptime,level,tags

Environment Variables:
PATH=D:/STS/sts-4.15.1.RELEASE//plugins/org.eclipse.justj.openjdk.hotspot.jre.full.win32.x86_64_17.0.3.v20220515-1416/jre/bin/server;D:/STS/sts-4.15.1.RELEASE//plugins/org.eclipse.justj.openjdk.hotspot.jre.full.win32.x86_64_17.0.3.v20220515-1416/jre/bin;C:\Program Files\Common Files\Oracle\Java\javapath;C:\Program Files (x86)\NVIDIA Corporation\PhysX\Common;C:\WINDOWS\system32;C:\WINDOWS;C:\WINDOWS\System32\Wbem;C:\WINDOWS\System32\WindowsPowerShell\v1.0\;C:\WINDOWS\System32\OpenSSH\;C:\Program Files\Common Files\Autodesk Shared\;C:\Program Files (x86)\Autodesk\Backburner\;C:\Program Files (x86)\dotnet\;C:\Program Files\Git\cmd;C:\Program Files\nodejs\;C:\ProgramData\chocolatey\bin;C:\Users\HP\AppData\Local\Microsoft\WindowsApps;C:\MinGW\bin;C:\Users\HP\AppData\Local\Programs\Microsoft VS Code\bin;C:\Users\HP\AppData\Roaming\npm;C:\Users\HP\AppData\Local\GitHubDesktop\bin;D:\STS\sts-4.15.1.RELEASE;
USERNAME=HP
OS=Windows_NT
PROCESSOR_IDENTIFIER=AMD64 Family 23 Model 24 Stepping 1, AuthenticAMD



---------------  S Y S T E M  ---------------

OS:
 Windows 10 , 64 bit Build 19041 (10.0.19041.1889)
OS uptime: 7 days 17:23 hours

CPU: total 4 (initial active 4) (4 cores per cpu, 1 threads per core) family 23 model 24 stepping 1 microcode 0x0, cx8, cmov, fxsr, mmx, 3dnowpref, sse, sse2, sse3, ssse3, sse4a, sse4.1, sse4.2, popcnt, lzcnt, tsc, tscinvbit, avx, avx2, aes, clmul, bmi1, bmi2, adx, sha, fma, vzeroupper, clflush, clflushopt

Memory: 4k page, system-wide physical 6090M (488M free)
TotalPageFile size 16330M (AvailPageFile size 0M)
current process WorkingSet (physical memory assigned to process): 15M, peak: 35M
current process commit charge ("private bytes"): 168M, peak: 169M

vm_info: OpenJDK 64-Bit Server VM (17.0.3+7) for windows-amd64 JRE (17.0.3+7), built on Apr 19 2022 16:55:35 by "" with MS VC++ 16.7 (VS2019)

END.
